<?xml version="1.0" encoding="UTF-8"?>
<!-- Generated by org.testng.reporters.JUnitXMLReporter -->
<testsuite ignored="7" hostname="DESKTOP-I5LLCKS" failures="1" tests="1" name="Default test(failed)" time="0.079" errors="0" timestamp="2021-10-20T10:40:01 ART">
  <testcase classname="tudai.testng.test.ProgramaTest" name="getCantTareasEntre" time="0.013">
    <failure type="java.lang.RuntimeException" message="Test not implemented">
      <![CDATA[java.lang.RuntimeException: Test not implemented
at tudai.testng.test.ProgramaTest.getCantTareasEntre(ProgramaTest.java:96)
at java.base/java.util.ArrayList.forEach(ArrayList.java:1511)
... Removed 27 stack frames]]>
    </failure>
  </testcase> <!-- getCantTareasEntre -->
  <testcase classname="tudai.testng.test.ProgramaTest" name="TestProvider" time="0.0">
    <ignored/>
  </testcase> <!-- TestProvider -->
  <testcase classname="tudai.testng.test.ProgramaTest" name="getCantOcurrencias" time="0.0">
    <ignored/>
  </testcase> <!-- getCantOcurrencias -->
  <testcase classname="tudai.testng.test.ProgramaTest" name="removeProgramacion" time="0.0">
    <ignored/>
  </testcase> <!-- removeProgramacion -->
  <testcase classname="tudai.testng.test.ProgramaTest" name="programaVacio" time="0.0">
    <ignored/>
  </testcase> <!-- programaVacio -->
  <testcase classname="tudai.testng.test.ProgramaTest" name="addProgramacion" time="0.0">
    <ignored/>
  </testcase> <!-- addProgramacion -->
  <testcase classname="tudai.testng.test.ProgramaTest" name="eliminarProgramaciones" time="0.0">
    <ignored/>
  </testcase> <!-- eliminarProgramaciones -->
  <testcase classname="tudai.testng.test.ProgramaTest" name="getCantProgramaciones" time="0.0">
    <ignored/>
  </testcase> <!-- getCantProgramaciones -->
</testsuite> <!-- Default test(failed) -->
