<?xml version="1.0" encoding="UTF-8"?>
<!-- Generated by org.testng.reporters.JUnitXMLReporter -->
<testsuite ignored="9" hostname="DESKTOP-I5LLCKS" failures="0" tests="1" name="Crear programaciones" time="0.086" errors="0" timestamp="2021-10-20T11:28:27 ART">
  <testcase classname="tudai.testng.test.ProgramaTest" name="addMuchasProgramaciones" time="0.014"/>
  <testcase classname="tudai.testng.test.ProgramaTest" name="TestProvider" time="0.0">
    <ignored/>
  </testcase> <!-- TestProvider -->
  <testcase classname="tudai.testng.test.ProgramaTest" name="getCantOcurrencias" time="0.0">
    <ignored/>
  </testcase> <!-- getCantOcurrencias -->
  <testcase classname="tudai.testng.test.ProgramaTest" name="removeProgramacion" time="0.0">
    <ignored/>
  </testcase> <!-- removeProgramacion -->
  <testcase classname="tudai.testng.test.ProgramaTest" name="getCantTareasEntre" time="0.0">
    <ignored/>
  </testcase> <!-- getCantTareasEntre -->
  <testcase classname="tudai.testng.test.ProgramaTest" name="testUsr" time="0.0">
    <ignored/>
  </testcase> <!-- testUsr -->
  <testcase classname="tudai.testng.test.ProgramaTest" name="programaVacio" time="0.0">
    <ignored/>
  </testcase> <!-- programaVacio -->
  <testcase classname="tudai.testng.test.ProgramaTest" name="addProgramacion" time="0.0">
    <ignored/>
  </testcase> <!-- addProgramacion -->
  <testcase classname="tudai.testng.test.ProgramaTest" name="eliminarProgramaciones" time="0.0">
    <ignored/>
  </testcase> <!-- eliminarProgramaciones -->
  <testcase classname="tudai.testng.test.ProgramaTest" name="getCantProgramaciones" time="0.0">
    <ignored/>
  </testcase> <!-- getCantProgramaciones -->
</testsuite> <!-- Crear programaciones -->
