<?xml version="1.0" encoding="UTF-8"?>
<testng-results ignored="0" total="82" passed="82" failed="0" skipped="0">
  <reporter-output>
  </reporter-output>
  <suite started-at="2021-10-20T11:49:53 ART" name="Default suite" finished-at="2021-10-20T11:49:54 ART" duration-ms="980">
    <groups>
    </groups>
    <test started-at="2021-10-20T11:49:53 ART" name="Default test" finished-at="2021-10-20T11:49:54 ART" duration-ms="980">
      <class name="tudai.testng.test.ProgramaTest">
        <test-method is-config="true" signature="beforeSuite()[pri:0, instance:tudai.testng.test.ProgramaTest@505fc5a4]" started-at="2021-10-20T11:49:53 ART" name="beforeSuite" finished-at="2021-10-20T11:49:53 ART" duration-ms="16" status="PASS">
          <reporter-output>
          </reporter-output>
        </test-method> <!-- beforeSuite -->
        <test-method is-config="true" signature="beforeTest()[pri:0, instance:tudai.testng.test.ProgramaTest@505fc5a4]" started-at="2021-10-20T11:49:53 ART" name="beforeTest" finished-at="2021-10-20T11:49:53 ART" duration-ms="1" status="PASS">
          <reporter-output>
          </reporter-output>
        </test-method> <!-- beforeTest -->
        <test-method is-config="true" signature="beforeClass()[pri:0, instance:tudai.testng.test.ProgramaTest@505fc5a4]" started-at="2021-10-20T11:49:53 ART" name="beforeClass" finished-at="2021-10-20T11:49:53 ART" duration-ms="0" status="PASS">
          <reporter-output>
          </reporter-output>
        </test-method> <!-- beforeClass -->
        <test-method is-config="true" signature="beforeMethod()[pri:0, instance:tudai.testng.test.ProgramaTest@505fc5a4]" started-at="2021-10-20T11:49:53 ART" name="beforeMethod" finished-at="2021-10-20T11:49:53 ART" duration-ms="1" status="PASS">
          <reporter-output>
          </reporter-output>
        </test-method> <!-- beforeMethod -->
        <test-method signature="TestProvider(java.lang.Integer,java.lang.String)[pri:0, instance:tudai.testng.test.ProgramaTest@505fc5a4]" started-at="2021-10-20T11:49:53 ART" name="TestProvider" data-provider="dp" finished-at="2021-10-20T11:49:53 ART" duration-ms="12" status="PASS">
          <params>
            <param index="0">
              <value>
                <![CDATA[1]]>
              </value>
            </param>
            <param index="1">
              <value>
                <![CDATA[a]]>
              </value>
            </param>
          </params>
          <reporter-output>
          </reporter-output>
        </test-method> <!-- TestProvider -->
        <test-method is-config="true" signature="afterMethod()[pri:0, instance:tudai.testng.test.ProgramaTest@505fc5a4]" started-at="2021-10-20T11:49:53 ART" name="afterMethod" finished-at="2021-10-20T11:49:53 ART" duration-ms="1" status="PASS">
          <reporter-output>
          </reporter-output>
        </test-method> <!-- afterMethod -->
        <test-method signature="TestProvider(java.lang.Integer,java.lang.String)[pri:0, instance:tudai.testng.test.ProgramaTest@505fc5a4]" started-at="2021-10-20T11:49:53 ART" name="TestProvider" data-provider="dp" finished-at="2021-10-20T11:49:53 ART" duration-ms="2" status="PASS">
          <params>
            <param index="0">
              <value>
                <![CDATA[2]]>
              </value>
            </param>
            <param index="1">
              <value>
                <![CDATA[b]]>
              </value>
            </param>
          </params>
          <reporter-output>
          </reporter-output>
        </test-method> <!-- TestProvider -->
        <test-method is-config="true" signature="beforeMethod()[pri:0, instance:tudai.testng.test.ProgramaTest@505fc5a4]" started-at="2021-10-20T11:49:53 ART" name="beforeMethod" finished-at="2021-10-20T11:49:53 ART" duration-ms="0" status="PASS">
          <reporter-output>
          </reporter-output>
        </test-method> <!-- beforeMethod -->
        <test-method is-config="true" signature="afterMethod()[pri:0, instance:tudai.testng.test.ProgramaTest@505fc5a4]" started-at="2021-10-20T11:49:53 ART" name="afterMethod" finished-at="2021-10-20T11:49:53 ART" duration-ms="1" status="PASS">
          <reporter-output>
          </reporter-output>
        </test-method> <!-- afterMethod -->
        <test-method is-config="true" signature="beforeMethod()[pri:0, instance:tudai.testng.test.ProgramaTest@505fc5a4]" started-at="2021-10-20T11:49:53 ART" name="beforeMethod" finished-at="2021-10-20T11:49:53 ART" duration-ms="1" status="PASS">
          <reporter-output>
          </reporter-output>
        </test-method> <!-- beforeMethod -->
        <test-method signature="addMuchasProgramaciones(int)[pri:0, instance:tudai.testng.test.ProgramaTest@505fc5a4]" started-at="2021-10-20T11:49:53 ART" name="addMuchasProgramaciones" finished-at="2021-10-20T11:49:53 ART" duration-ms="3" status="PASS">
          <params>
            <param index="0">
              <value>
                <![CDATA[25]]>
              </value>
            </param>
          </params>
          <reporter-output>
          </reporter-output>
        </test-method> <!-- addMuchasProgramaciones -->
        <test-method is-config="true" signature="afterMethod()[pri:0, instance:tudai.testng.test.ProgramaTest@505fc5a4]" started-at="2021-10-20T11:49:53 ART" name="afterMethod" finished-at="2021-10-20T11:49:53 ART" duration-ms="2" status="PASS">
          <reporter-output>
          </reporter-output>
        </test-method> <!-- afterMethod -->
        <test-method is-config="true" signature="beforeMethod()[pri:0, instance:tudai.testng.test.ProgramaTest@505fc5a4]" started-at="2021-10-20T11:49:53 ART" name="beforeMethod" finished-at="2021-10-20T11:49:53 ART" duration-ms="0" status="PASS">
          <reporter-output>
          </reporter-output>
        </test-method> <!-- beforeMethod -->
        <test-method signature="addProgramacion()[pri:0, instance:tudai.testng.test.ProgramaTest@505fc5a4]" started-at="2021-10-20T11:49:53 ART" name="addProgramacion" finished-at="2021-10-20T11:49:53 ART" duration-ms="5" status="PASS">
          <reporter-output>
          </reporter-output>
        </test-method> <!-- addProgramacion -->
        <test-method is-config="true" signature="afterMethod()[pri:0, instance:tudai.testng.test.ProgramaTest@505fc5a4]" started-at="2021-10-20T11:49:53 ART" name="afterMethod" finished-at="2021-10-20T11:49:53 ART" duration-ms="1" status="PASS">
          <reporter-output>
          </reporter-output>
        </test-method> <!-- afterMethod -->
        <test-method is-config="true" signature="beforeMethod()[pri:0, instance:tudai.testng.test.ProgramaTest@505fc5a4]" started-at="2021-10-20T11:49:53 ART" name="beforeMethod" finished-at="2021-10-20T11:49:53 ART" duration-ms="1" status="PASS">
          <reporter-output>
          </reporter-output>
        </test-method> <!-- beforeMethod -->
        <test-method signature="eliminarProgramaciones()[pri:0, instance:tudai.testng.test.ProgramaTest@505fc5a4]" started-at="2021-10-20T11:49:53 ART" name="eliminarProgramaciones" finished-at="2021-10-20T11:49:53 ART" duration-ms="3" status="PASS">
          <reporter-output>
          </reporter-output>
        </test-method> <!-- eliminarProgramaciones -->
        <test-method is-config="true" signature="afterMethod()[pri:0, instance:tudai.testng.test.ProgramaTest@505fc5a4]" started-at="2021-10-20T11:49:53 ART" name="afterMethod" finished-at="2021-10-20T11:49:53 ART" duration-ms="1" status="PASS">
          <reporter-output>
          </reporter-output>
        </test-method> <!-- afterMethod -->
        <test-method is-config="true" signature="beforeMethod()[pri:0, instance:tudai.testng.test.ProgramaTest@505fc5a4]" started-at="2021-10-20T11:49:53 ART" name="beforeMethod" finished-at="2021-10-20T11:49:53 ART" duration-ms="0" status="PASS">
          <reporter-output>
          </reporter-output>
        </test-method> <!-- beforeMethod -->
        <test-method signature="getCantOcurrencias()[pri:0, instance:tudai.testng.test.ProgramaTest@505fc5a4]" started-at="2021-10-20T11:49:53 ART" name="getCantOcurrencias" finished-at="2021-10-20T11:49:53 ART" duration-ms="4" status="PASS">
          <reporter-output>
          </reporter-output>
        </test-method> <!-- getCantOcurrencias -->
        <test-method is-config="true" signature="afterMethod()[pri:0, instance:tudai.testng.test.ProgramaTest@505fc5a4]" started-at="2021-10-20T11:49:53 ART" name="afterMethod" finished-at="2021-10-20T11:49:53 ART" duration-ms="1" status="PASS">
          <reporter-output>
          </reporter-output>
        </test-method> <!-- afterMethod -->
        <test-method is-config="true" signature="beforeMethod()[pri:0, instance:tudai.testng.test.ProgramaTest@505fc5a4]" started-at="2021-10-20T11:49:53 ART" name="beforeMethod" finished-at="2021-10-20T11:49:53 ART" duration-ms="0" status="PASS">
          <reporter-output>
          </reporter-output>
        </test-method> <!-- beforeMethod -->
        <test-method signature="getCantProgramaciones()[pri:0, instance:tudai.testng.test.ProgramaTest@505fc5a4]" started-at="2021-10-20T11:49:53 ART" name="getCantProgramaciones" finished-at="2021-10-20T11:49:53 ART" duration-ms="2" status="PASS">
          <reporter-output>
          </reporter-output>
        </test-method> <!-- getCantProgramaciones -->
        <test-method is-config="true" signature="afterMethod()[pri:0, instance:tudai.testng.test.ProgramaTest@505fc5a4]" started-at="2021-10-20T11:49:53 ART" name="afterMethod" finished-at="2021-10-20T11:49:53 ART" duration-ms="1" status="PASS">
          <reporter-output>
          </reporter-output>
        </test-method> <!-- afterMethod -->
        <test-method signature="testTareas(java.lang.Object)[pri:0, instance:tudai.testng.test.ProgramaTest@505fc5a4]" started-at="2021-10-20T11:49:53 ART" name="testTareas" data-provider="gen-rand" finished-at="2021-10-20T11:49:53 ART" duration-ms="7" status="PASS">
          <params>
            <param index="0">
              <value>
                <![CDATA[Tarea0]]>
              </value>
            </param>
          </params>
          <reporter-output>
          </reporter-output>
        </test-method> <!-- testTareas -->
        <test-method is-config="true" signature="beforeMethod()[pri:0, instance:tudai.testng.test.ProgramaTest@505fc5a4]" started-at="2021-10-20T11:49:53 ART" name="beforeMethod" finished-at="2021-10-20T11:49:53 ART" duration-ms="0" status="PASS">
          <reporter-output>
          </reporter-output>
        </test-method> <!-- beforeMethod -->
        <test-method is-config="true" signature="afterMethod()[pri:0, instance:tudai.testng.test.ProgramaTest@505fc5a4]" started-at="2021-10-20T11:49:53 ART" name="afterMethod" finished-at="2021-10-20T11:49:53 ART" duration-ms="1" status="PASS">
          <reporter-output>
          </reporter-output>
        </test-method> <!-- afterMethod -->
        <test-method is-config="true" signature="beforeMethod()[pri:0, instance:tudai.testng.test.ProgramaTest@505fc5a4]" started-at="2021-10-20T11:49:53 ART" name="beforeMethod" finished-at="2021-10-20T11:49:53 ART" duration-ms="0" status="PASS">
          <reporter-output>
          </reporter-output>
        </test-method> <!-- beforeMethod -->
        <test-method signature="testTareas(java.lang.Object)[pri:0, instance:tudai.testng.test.ProgramaTest@505fc5a4]" started-at="2021-10-20T11:49:53 ART" name="testTareas" data-provider="gen-rand" finished-at="2021-10-20T11:49:53 ART" duration-ms="2" status="PASS">
          <params>
            <param index="0">
              <value>
                <![CDATA[Tarea1]]>
              </value>
            </param>
          </params>
          <reporter-output>
          </reporter-output>
        </test-method> <!-- testTareas -->
        <test-method is-config="true" signature="afterMethod()[pri:0, instance:tudai.testng.test.ProgramaTest@505fc5a4]" started-at="2021-10-20T11:49:53 ART" name="afterMethod" finished-at="2021-10-20T11:49:53 ART" duration-ms="1" status="PASS">
          <reporter-output>
          </reporter-output>
        </test-method> <!-- afterMethod -->
        <test-method is-config="true" signature="beforeMethod()[pri:0, instance:tudai.testng.test.ProgramaTest@505fc5a4]" started-at="2021-10-20T11:49:53 ART" name="beforeMethod" finished-at="2021-10-20T11:49:53 ART" duration-ms="2" status="PASS">
          <reporter-output>
          </reporter-output>
        </test-method> <!-- beforeMethod -->
        <test-method signature="testTareas(java.lang.Object)[pri:0, instance:tudai.testng.test.ProgramaTest@505fc5a4]" started-at="2021-10-20T11:49:53 ART" name="testTareas" data-provider="gen-rand" finished-at="2021-10-20T11:49:53 ART" duration-ms="2" status="PASS">
          <params>
            <param index="0">
              <value>
                <![CDATA[Tarea2]]>
              </value>
            </param>
          </params>
          <reporter-output>
          </reporter-output>
        </test-method> <!-- testTareas -->
        <test-method is-config="true" signature="afterMethod()[pri:0, instance:tudai.testng.test.ProgramaTest@505fc5a4]" started-at="2021-10-20T11:49:53 ART" name="afterMethod" finished-at="2021-10-20T11:49:53 ART" duration-ms="1" status="PASS">
          <reporter-output>
          </reporter-output>
        </test-method> <!-- afterMethod -->
        <test-method is-config="true" signature="beforeMethod()[pri:0, instance:tudai.testng.test.ProgramaTest@505fc5a4]" started-at="2021-10-20T11:49:53 ART" name="beforeMethod" finished-at="2021-10-20T11:49:53 ART" duration-ms="1" status="PASS">
          <reporter-output>
          </reporter-output>
        </test-method> <!-- beforeMethod -->
        <test-method signature="testTareas(java.lang.Object)[pri:0, instance:tudai.testng.test.ProgramaTest@505fc5a4]" started-at="2021-10-20T11:49:53 ART" name="testTareas" data-provider="gen-rand" finished-at="2021-10-20T11:49:53 ART" duration-ms="6" status="PASS">
          <params>
            <param index="0">
              <value>
                <![CDATA[Tarea3]]>
              </value>
            </param>
          </params>
          <reporter-output>
          </reporter-output>
        </test-method> <!-- testTareas -->
        <test-method is-config="true" signature="afterMethod()[pri:0, instance:tudai.testng.test.ProgramaTest@505fc5a4]" started-at="2021-10-20T11:49:53 ART" name="afterMethod" finished-at="2021-10-20T11:49:53 ART" duration-ms="1" status="PASS">
          <reporter-output>
          </reporter-output>
        </test-method> <!-- afterMethod -->
        <test-method is-config="true" signature="beforeMethod()[pri:0, instance:tudai.testng.test.ProgramaTest@505fc5a4]" started-at="2021-10-20T11:49:53 ART" name="beforeMethod" finished-at="2021-10-20T11:49:53 ART" duration-ms="1" status="PASS">
          <reporter-output>
          </reporter-output>
        </test-method> <!-- beforeMethod -->
        <test-method signature="testTareas(java.lang.Object)[pri:0, instance:tudai.testng.test.ProgramaTest@505fc5a4]" started-at="2021-10-20T11:49:53 ART" name="testTareas" data-provider="gen-rand" finished-at="2021-10-20T11:49:53 ART" duration-ms="2" status="PASS">
          <params>
            <param index="0">
              <value>
                <![CDATA[Tarea4]]>
              </value>
            </param>
          </params>
          <reporter-output>
          </reporter-output>
        </test-method> <!-- testTareas -->
        <test-method is-config="true" signature="afterMethod()[pri:0, instance:tudai.testng.test.ProgramaTest@505fc5a4]" started-at="2021-10-20T11:49:53 ART" name="afterMethod" finished-at="2021-10-20T11:49:53 ART" duration-ms="1" status="PASS">
          <reporter-output>
          </reporter-output>
        </test-method> <!-- afterMethod -->
        <test-method is-config="true" signature="beforeMethod()[pri:0, instance:tudai.testng.test.ProgramaTest@505fc5a4]" started-at="2021-10-20T11:49:53 ART" name="beforeMethod" finished-at="2021-10-20T11:49:53 ART" duration-ms="1" status="PASS">
          <reporter-output>
          </reporter-output>
        </test-method> <!-- beforeMethod -->
        <test-method signature="testTareas(java.lang.Object)[pri:0, instance:tudai.testng.test.ProgramaTest@505fc5a4]" started-at="2021-10-20T11:49:53 ART" name="testTareas" data-provider="gen-rand" finished-at="2021-10-20T11:49:53 ART" duration-ms="3" status="PASS">
          <params>
            <param index="0">
              <value>
                <![CDATA[Tarea5]]>
              </value>
            </param>
          </params>
          <reporter-output>
          </reporter-output>
        </test-method> <!-- testTareas -->
        <test-method is-config="true" signature="afterMethod()[pri:0, instance:tudai.testng.test.ProgramaTest@505fc5a4]" started-at="2021-10-20T11:49:53 ART" name="afterMethod" finished-at="2021-10-20T11:49:53 ART" duration-ms="1" status="PASS">
          <reporter-output>
          </reporter-output>
        </test-method> <!-- afterMethod -->
        <test-method is-config="true" signature="beforeMethod()[pri:0, instance:tudai.testng.test.ProgramaTest@505fc5a4]" started-at="2021-10-20T11:49:53 ART" name="beforeMethod" finished-at="2021-10-20T11:49:53 ART" duration-ms="0" status="PASS">
          <reporter-output>
          </reporter-output>
        </test-method> <!-- beforeMethod -->
        <test-method signature="testTareas(java.lang.Object)[pri:0, instance:tudai.testng.test.ProgramaTest@505fc5a4]" started-at="2021-10-20T11:49:53 ART" name="testTareas" data-provider="gen-rand" finished-at="2021-10-20T11:49:53 ART" duration-ms="2" status="PASS">
          <params>
            <param index="0">
              <value>
                <![CDATA[Tarea6]]>
              </value>
            </param>
          </params>
          <reporter-output>
          </reporter-output>
        </test-method> <!-- testTareas -->
        <test-method is-config="true" signature="afterMethod()[pri:0, instance:tudai.testng.test.ProgramaTest@505fc5a4]" started-at="2021-10-20T11:49:53 ART" name="afterMethod" finished-at="2021-10-20T11:49:53 ART" duration-ms="0" status="PASS">
          <reporter-output>
          </reporter-output>
        </test-method> <!-- afterMethod -->
        <test-method is-config="true" signature="beforeMethod()[pri:0, instance:tudai.testng.test.ProgramaTest@505fc5a4]" started-at="2021-10-20T11:49:53 ART" name="beforeMethod" finished-at="2021-10-20T11:49:53 ART" duration-ms="0" status="PASS">
          <reporter-output>
          </reporter-output>
        </test-method> <!-- beforeMethod -->
        <test-method signature="testTareas(java.lang.Object)[pri:0, instance:tudai.testng.test.ProgramaTest@505fc5a4]" started-at="2021-10-20T11:49:53 ART" name="testTareas" data-provider="gen-rand" finished-at="2021-10-20T11:49:53 ART" duration-ms="2" status="PASS">
          <params>
            <param index="0">
              <value>
                <![CDATA[Tarea7]]>
              </value>
            </param>
          </params>
          <reporter-output>
          </reporter-output>
        </test-method> <!-- testTareas -->
        <test-method is-config="true" signature="afterMethod()[pri:0, instance:tudai.testng.test.ProgramaTest@505fc5a4]" started-at="2021-10-20T11:49:53 ART" name="afterMethod" finished-at="2021-10-20T11:49:53 ART" duration-ms="3" status="PASS">
          <reporter-output>
          </reporter-output>
        </test-method> <!-- afterMethod -->
        <test-method is-config="true" signature="beforeMethod()[pri:0, instance:tudai.testng.test.ProgramaTest@505fc5a4]" started-at="2021-10-20T11:49:53 ART" name="beforeMethod" finished-at="2021-10-20T11:49:53 ART" duration-ms="2" status="PASS">
          <reporter-output>
          </reporter-output>
        </test-method> <!-- beforeMethod -->
        <test-method signature="testTareas(java.lang.Object)[pri:0, instance:tudai.testng.test.ProgramaTest@505fc5a4]" started-at="2021-10-20T11:49:53 ART" name="testTareas" data-provider="gen-rand" finished-at="2021-10-20T11:49:53 ART" duration-ms="1" status="PASS">
          <params>
            <param index="0">
              <value>
                <![CDATA[Tarea8]]>
              </value>
            </param>
          </params>
          <reporter-output>
          </reporter-output>
        </test-method> <!-- testTareas -->
        <test-method is-config="true" signature="afterMethod()[pri:0, instance:tudai.testng.test.ProgramaTest@505fc5a4]" started-at="2021-10-20T11:49:53 ART" name="afterMethod" finished-at="2021-10-20T11:49:53 ART" duration-ms="1" status="PASS">
          <reporter-output>
          </reporter-output>
        </test-method> <!-- afterMethod -->
        <test-method is-config="true" signature="beforeMethod()[pri:0, instance:tudai.testng.test.ProgramaTest@505fc5a4]" started-at="2021-10-20T11:49:53 ART" name="beforeMethod" finished-at="2021-10-20T11:49:53 ART" duration-ms="2" status="PASS">
          <reporter-output>
          </reporter-output>
        </test-method> <!-- beforeMethod -->
        <test-method signature="testTareas(java.lang.Object)[pri:0, instance:tudai.testng.test.ProgramaTest@505fc5a4]" started-at="2021-10-20T11:49:53 ART" name="testTareas" data-provider="gen-rand" finished-at="2021-10-20T11:49:53 ART" duration-ms="6" status="PASS">
          <params>
            <param index="0">
              <value>
                <![CDATA[Tarea9]]>
              </value>
            </param>
          </params>
          <reporter-output>
          </reporter-output>
        </test-method> <!-- testTareas -->
        <test-method is-config="true" signature="afterMethod()[pri:0, instance:tudai.testng.test.ProgramaTest@505fc5a4]" started-at="2021-10-20T11:49:53 ART" name="afterMethod" finished-at="2021-10-20T11:49:53 ART" duration-ms="2" status="PASS">
          <reporter-output>
          </reporter-output>
        </test-method> <!-- afterMethod -->
        <test-method is-config="true" signature="beforeMethod()[pri:0, instance:tudai.testng.test.ProgramaTest@505fc5a4]" started-at="2021-10-20T11:49:53 ART" name="beforeMethod" finished-at="2021-10-20T11:49:53 ART" duration-ms="1" status="PASS">
          <reporter-output>
          </reporter-output>
        </test-method> <!-- beforeMethod -->
        <test-method signature="testTareas(java.lang.Object)[pri:0, instance:tudai.testng.test.ProgramaTest@505fc5a4]" started-at="2021-10-20T11:49:53 ART" name="testTareas" data-provider="gen-rand" finished-at="2021-10-20T11:49:53 ART" duration-ms="5" status="PASS">
          <params>
            <param index="0">
              <value>
                <![CDATA[Tarea10]]>
              </value>
            </param>
          </params>
          <reporter-output>
          </reporter-output>
        </test-method> <!-- testTareas -->
        <test-method is-config="true" signature="afterMethod()[pri:0, instance:tudai.testng.test.ProgramaTest@505fc5a4]" started-at="2021-10-20T11:49:53 ART" name="afterMethod" finished-at="2021-10-20T11:49:53 ART" duration-ms="1" status="PASS">
          <reporter-output>
          </reporter-output>
        </test-method> <!-- afterMethod -->
        <test-method is-config="true" signature="beforeMethod()[pri:0, instance:tudai.testng.test.ProgramaTest@505fc5a4]" started-at="2021-10-20T11:49:53 ART" name="beforeMethod" finished-at="2021-10-20T11:49:53 ART" duration-ms="3" status="PASS">
          <reporter-output>
          </reporter-output>
        </test-method> <!-- beforeMethod -->
        <test-method signature="testTareas(java.lang.Object)[pri:0, instance:tudai.testng.test.ProgramaTest@505fc5a4]" started-at="2021-10-20T11:49:53 ART" name="testTareas" data-provider="gen-rand" finished-at="2021-10-20T11:49:53 ART" duration-ms="3" status="PASS">
          <params>
            <param index="0">
              <value>
                <![CDATA[Tarea11]]>
              </value>
            </param>
          </params>
          <reporter-output>
          </reporter-output>
        </test-method> <!-- testTareas -->
        <test-method is-config="true" signature="afterMethod()[pri:0, instance:tudai.testng.test.ProgramaTest@505fc5a4]" started-at="2021-10-20T11:49:53 ART" name="afterMethod" finished-at="2021-10-20T11:49:53 ART" duration-ms="0" status="PASS">
          <reporter-output>
          </reporter-output>
        </test-method> <!-- afterMethod -->
        <test-method signature="testTareas(java.lang.Object)[pri:0, instance:tudai.testng.test.ProgramaTest@505fc5a4]" started-at="2021-10-20T11:49:53 ART" name="testTareas" data-provider="gen-rand" finished-at="2021-10-20T11:49:53 ART" duration-ms="2" status="PASS">
          <params>
            <param index="0">
              <value>
                <![CDATA[Tarea12]]>
              </value>
            </param>
          </params>
          <reporter-output>
          </reporter-output>
        </test-method> <!-- testTareas -->
        <test-method is-config="true" signature="beforeMethod()[pri:0, instance:tudai.testng.test.ProgramaTest@505fc5a4]" started-at="2021-10-20T11:49:53 ART" name="beforeMethod" finished-at="2021-10-20T11:49:53 ART" duration-ms="0" status="PASS">
          <reporter-output>
          </reporter-output>
        </test-method> <!-- beforeMethod -->
        <test-method is-config="true" signature="afterMethod()[pri:0, instance:tudai.testng.test.ProgramaTest@505fc5a4]" started-at="2021-10-20T11:49:53 ART" name="afterMethod" finished-at="2021-10-20T11:49:53 ART" duration-ms="3" status="PASS">
          <reporter-output>
          </reporter-output>
        </test-method> <!-- afterMethod -->
        <test-method is-config="true" signature="beforeMethod()[pri:0, instance:tudai.testng.test.ProgramaTest@505fc5a4]" started-at="2021-10-20T11:49:53 ART" name="beforeMethod" finished-at="2021-10-20T11:49:53 ART" duration-ms="1" status="PASS">
          <reporter-output>
          </reporter-output>
        </test-method> <!-- beforeMethod -->
        <test-method signature="testTareas(java.lang.Object)[pri:0, instance:tudai.testng.test.ProgramaTest@505fc5a4]" started-at="2021-10-20T11:49:53 ART" name="testTareas" data-provider="gen-rand" finished-at="2021-10-20T11:49:53 ART" duration-ms="2" status="PASS">
          <params>
            <param index="0">
              <value>
                <![CDATA[Tarea13]]>
              </value>
            </param>
          </params>
          <reporter-output>
          </reporter-output>
        </test-method> <!-- testTareas -->
        <test-method is-config="true" signature="afterMethod()[pri:0, instance:tudai.testng.test.ProgramaTest@505fc5a4]" started-at="2021-10-20T11:49:53 ART" name="afterMethod" finished-at="2021-10-20T11:49:53 ART" duration-ms="1" status="PASS">
          <reporter-output>
          </reporter-output>
        </test-method> <!-- afterMethod -->
        <test-method is-config="true" signature="beforeMethod()[pri:0, instance:tudai.testng.test.ProgramaTest@505fc5a4]" started-at="2021-10-20T11:49:53 ART" name="beforeMethod" finished-at="2021-10-20T11:49:53 ART" duration-ms="16" status="PASS">
          <reporter-output>
          </reporter-output>
        </test-method> <!-- beforeMethod -->
        <test-method signature="testTareas(java.lang.Object)[pri:0, instance:tudai.testng.test.ProgramaTest@505fc5a4]" started-at="2021-10-20T11:49:53 ART" name="testTareas" data-provider="gen-rand" finished-at="2021-10-20T11:49:53 ART" duration-ms="11" status="PASS">
          <params>
            <param index="0">
              <value>
                <![CDATA[Tarea14]]>
              </value>
            </param>
          </params>
          <reporter-output>
          </reporter-output>
        </test-method> <!-- testTareas -->
        <test-method is-config="true" signature="afterMethod()[pri:0, instance:tudai.testng.test.ProgramaTest@505fc5a4]" started-at="2021-10-20T11:49:53 ART" name="afterMethod" finished-at="2021-10-20T11:49:53 ART" duration-ms="4" status="PASS">
          <reporter-output>
          </reporter-output>
        </test-method> <!-- afterMethod -->
        <test-method is-config="true" signature="beforeMethod()[pri:0, instance:tudai.testng.test.ProgramaTest@505fc5a4]" started-at="2021-10-20T11:49:53 ART" name="beforeMethod" finished-at="2021-10-20T11:49:53 ART" duration-ms="0" status="PASS">
          <reporter-output>
          </reporter-output>
        </test-method> <!-- beforeMethod -->
        <test-method signature="testTareas(java.lang.Object)[pri:0, instance:tudai.testng.test.ProgramaTest@505fc5a4]" started-at="2021-10-20T11:49:53 ART" name="testTareas" data-provider="gen-rand" finished-at="2021-10-20T11:49:53 ART" duration-ms="10" status="PASS">
          <params>
            <param index="0">
              <value>
                <![CDATA[Tarea15]]>
              </value>
            </param>
          </params>
          <reporter-output>
          </reporter-output>
        </test-method> <!-- testTareas -->
        <test-method is-config="true" signature="afterMethod()[pri:0, instance:tudai.testng.test.ProgramaTest@505fc5a4]" started-at="2021-10-20T11:49:53 ART" name="afterMethod" finished-at="2021-10-20T11:49:53 ART" duration-ms="1" status="PASS">
          <reporter-output>
          </reporter-output>
        </test-method> <!-- afterMethod -->
        <test-method is-config="true" signature="beforeMethod()[pri:0, instance:tudai.testng.test.ProgramaTest@505fc5a4]" started-at="2021-10-20T11:49:53 ART" name="beforeMethod" finished-at="2021-10-20T11:49:53 ART" duration-ms="1" status="PASS">
          <reporter-output>
          </reporter-output>
        </test-method> <!-- beforeMethod -->
        <test-method signature="testTareas(java.lang.Object)[pri:0, instance:tudai.testng.test.ProgramaTest@505fc5a4]" started-at="2021-10-20T11:49:53 ART" name="testTareas" data-provider="gen-rand" finished-at="2021-10-20T11:49:53 ART" duration-ms="8" status="PASS">
          <params>
            <param index="0">
              <value>
                <![CDATA[Tarea16]]>
              </value>
            </param>
          </params>
          <reporter-output>
          </reporter-output>
        </test-method> <!-- testTareas -->
        <test-method is-config="true" signature="afterMethod()[pri:0, instance:tudai.testng.test.ProgramaTest@505fc5a4]" started-at="2021-10-20T11:49:53 ART" name="afterMethod" finished-at="2021-10-20T11:49:53 ART" duration-ms="2" status="PASS">
          <reporter-output>
          </reporter-output>
        </test-method> <!-- afterMethod -->
        <test-method is-config="true" signature="beforeMethod()[pri:0, instance:tudai.testng.test.ProgramaTest@505fc5a4]" started-at="2021-10-20T11:49:53 ART" name="beforeMethod" finished-at="2021-10-20T11:49:53 ART" duration-ms="1" status="PASS">
          <reporter-output>
          </reporter-output>
        </test-method> <!-- beforeMethod -->
        <test-method signature="testTareas(java.lang.Object)[pri:0, instance:tudai.testng.test.ProgramaTest@505fc5a4]" started-at="2021-10-20T11:49:53 ART" name="testTareas" data-provider="gen-rand" finished-at="2021-10-20T11:49:53 ART" duration-ms="2" status="PASS">
          <params>
            <param index="0">
              <value>
                <![CDATA[Tarea17]]>
              </value>
            </param>
          </params>
          <reporter-output>
          </reporter-output>
        </test-method> <!-- testTareas -->
        <test-method is-config="true" signature="afterMethod()[pri:0, instance:tudai.testng.test.ProgramaTest@505fc5a4]" started-at="2021-10-20T11:49:53 ART" name="afterMethod" finished-at="2021-10-20T11:49:53 ART" duration-ms="0" status="PASS">
          <reporter-output>
          </reporter-output>
        </test-method> <!-- afterMethod -->
        <test-method is-config="true" signature="beforeMethod()[pri:0, instance:tudai.testng.test.ProgramaTest@505fc5a4]" started-at="2021-10-20T11:49:53 ART" name="beforeMethod" finished-at="2021-10-20T11:49:53 ART" duration-ms="0" status="PASS">
          <reporter-output>
          </reporter-output>
        </test-method> <!-- beforeMethod -->
        <test-method signature="testTareas(java.lang.Object)[pri:0, instance:tudai.testng.test.ProgramaTest@505fc5a4]" started-at="2021-10-20T11:49:53 ART" name="testTareas" data-provider="gen-rand" finished-at="2021-10-20T11:49:53 ART" duration-ms="2" status="PASS">
          <params>
            <param index="0">
              <value>
                <![CDATA[Tarea18]]>
              </value>
            </param>
          </params>
          <reporter-output>
          </reporter-output>
        </test-method> <!-- testTareas -->
        <test-method is-config="true" signature="afterMethod()[pri:0, instance:tudai.testng.test.ProgramaTest@505fc5a4]" started-at="2021-10-20T11:49:53 ART" name="afterMethod" finished-at="2021-10-20T11:49:53 ART" duration-ms="2" status="PASS">
          <reporter-output>
          </reporter-output>
        </test-method> <!-- afterMethod -->
        <test-method is-config="true" signature="beforeMethod()[pri:0, instance:tudai.testng.test.ProgramaTest@505fc5a4]" started-at="2021-10-20T11:49:53 ART" name="beforeMethod" finished-at="2021-10-20T11:49:53 ART" duration-ms="1" status="PASS">
          <reporter-output>
          </reporter-output>
        </test-method> <!-- beforeMethod -->
        <test-method signature="testTareas(java.lang.Object)[pri:0, instance:tudai.testng.test.ProgramaTest@505fc5a4]" started-at="2021-10-20T11:49:53 ART" name="testTareas" data-provider="gen-rand" finished-at="2021-10-20T11:49:53 ART" duration-ms="7" status="PASS">
          <params>
            <param index="0">
              <value>
                <![CDATA[Tarea19]]>
              </value>
            </param>
          </params>
          <reporter-output>
          </reporter-output>
        </test-method> <!-- testTareas -->
        <test-method is-config="true" signature="afterMethod()[pri:0, instance:tudai.testng.test.ProgramaTest@505fc5a4]" started-at="2021-10-20T11:49:53 ART" name="afterMethod" finished-at="2021-10-20T11:49:53 ART" duration-ms="1" status="PASS">
          <reporter-output>
          </reporter-output>
        </test-method> <!-- afterMethod -->
        <test-method is-config="true" signature="beforeMethod()[pri:0, instance:tudai.testng.test.ProgramaTest@505fc5a4]" started-at="2021-10-20T11:49:53 ART" name="beforeMethod" finished-at="2021-10-20T11:49:53 ART" duration-ms="2" status="PASS">
          <reporter-output>
          </reporter-output>
        </test-method> <!-- beforeMethod -->
        <test-method signature="testTareas(java.lang.Object)[pri:0, instance:tudai.testng.test.ProgramaTest@505fc5a4]" started-at="2021-10-20T11:49:53 ART" name="testTareas" data-provider="gen-rand" finished-at="2021-10-20T11:49:53 ART" duration-ms="1" status="PASS">
          <params>
            <param index="0">
              <value>
                <![CDATA[Tarea20]]>
              </value>
            </param>
          </params>
          <reporter-output>
          </reporter-output>
        </test-method> <!-- testTareas -->
        <test-method is-config="true" signature="afterMethod()[pri:0, instance:tudai.testng.test.ProgramaTest@505fc5a4]" started-at="2021-10-20T11:49:53 ART" name="afterMethod" finished-at="2021-10-20T11:49:53 ART" duration-ms="0" status="PASS">
          <reporter-output>
          </reporter-output>
        </test-method> <!-- afterMethod -->
        <test-method is-config="true" signature="beforeMethod()[pri:0, instance:tudai.testng.test.ProgramaTest@505fc5a4]" started-at="2021-10-20T11:49:53 ART" name="beforeMethod" finished-at="2021-10-20T11:49:53 ART" duration-ms="1" status="PASS">
          <reporter-output>
          </reporter-output>
        </test-method> <!-- beforeMethod -->
        <test-method signature="testTareas(java.lang.Object)[pri:0, instance:tudai.testng.test.ProgramaTest@505fc5a4]" started-at="2021-10-20T11:49:53 ART" name="testTareas" data-provider="gen-rand" finished-at="2021-10-20T11:49:54 ART" duration-ms="6" status="PASS">
          <params>
            <param index="0">
              <value>
                <![CDATA[Tarea21]]>
              </value>
            </param>
          </params>
          <reporter-output>
          </reporter-output>
        </test-method> <!-- testTareas -->
        <test-method is-config="true" signature="afterMethod()[pri:0, instance:tudai.testng.test.ProgramaTest@505fc5a4]" started-at="2021-10-20T11:49:54 ART" name="afterMethod" finished-at="2021-10-20T11:49:54 ART" duration-ms="1" status="PASS">
          <reporter-output>
          </reporter-output>
        </test-method> <!-- afterMethod -->
        <test-method is-config="true" signature="beforeMethod()[pri:0, instance:tudai.testng.test.ProgramaTest@505fc5a4]" started-at="2021-10-20T11:49:54 ART" name="beforeMethod" finished-at="2021-10-20T11:49:54 ART" duration-ms="1" status="PASS">
          <reporter-output>
          </reporter-output>
        </test-method> <!-- beforeMethod -->
        <test-method signature="testTareas(java.lang.Object)[pri:0, instance:tudai.testng.test.ProgramaTest@505fc5a4]" started-at="2021-10-20T11:49:54 ART" name="testTareas" data-provider="gen-rand" finished-at="2021-10-20T11:49:54 ART" duration-ms="2" status="PASS">
          <params>
            <param index="0">
              <value>
                <![CDATA[Tarea22]]>
              </value>
            </param>
          </params>
          <reporter-output>
          </reporter-output>
        </test-method> <!-- testTareas -->
        <test-method is-config="true" signature="afterMethod()[pri:0, instance:tudai.testng.test.ProgramaTest@505fc5a4]" started-at="2021-10-20T11:49:54 ART" name="afterMethod" finished-at="2021-10-20T11:49:54 ART" duration-ms="1" status="PASS">
          <reporter-output>
          </reporter-output>
        </test-method> <!-- afterMethod -->
        <test-method is-config="true" signature="beforeMethod()[pri:0, instance:tudai.testng.test.ProgramaTest@505fc5a4]" started-at="2021-10-20T11:49:54 ART" name="beforeMethod" finished-at="2021-10-20T11:49:54 ART" duration-ms="1" status="PASS">
          <reporter-output>
          </reporter-output>
        </test-method> <!-- beforeMethod -->
        <test-method signature="testTareas(java.lang.Object)[pri:0, instance:tudai.testng.test.ProgramaTest@505fc5a4]" started-at="2021-10-20T11:49:54 ART" name="testTareas" data-provider="gen-rand" finished-at="2021-10-20T11:49:54 ART" duration-ms="1" status="PASS">
          <params>
            <param index="0">
              <value>
                <![CDATA[Tarea23]]>
              </value>
            </param>
          </params>
          <reporter-output>
          </reporter-output>
        </test-method> <!-- testTareas -->
        <test-method is-config="true" signature="afterMethod()[pri:0, instance:tudai.testng.test.ProgramaTest@505fc5a4]" started-at="2021-10-20T11:49:54 ART" name="afterMethod" finished-at="2021-10-20T11:49:54 ART" duration-ms="1" status="PASS">
          <reporter-output>
          </reporter-output>
        </test-method> <!-- afterMethod -->
        <test-method signature="testTareas(java.lang.Object)[pri:0, instance:tudai.testng.test.ProgramaTest@505fc5a4]" started-at="2021-10-20T11:49:54 ART" name="testTareas" data-provider="gen-rand" finished-at="2021-10-20T11:49:54 ART" duration-ms="32" status="PASS">
          <params>
            <param index="0">
              <value>
                <![CDATA[Tarea24]]>
              </value>
            </param>
          </params>
          <reporter-output>
          </reporter-output>
        </test-method> <!-- testTareas -->
        <test-method is-config="true" signature="beforeMethod()[pri:0, instance:tudai.testng.test.ProgramaTest@505fc5a4]" started-at="2021-10-20T11:49:54 ART" name="beforeMethod" finished-at="2021-10-20T11:49:54 ART" duration-ms="0" status="PASS">
          <reporter-output>
          </reporter-output>
        </test-method> <!-- beforeMethod -->
        <test-method is-config="true" signature="afterMethod()[pri:0, instance:tudai.testng.test.ProgramaTest@505fc5a4]" started-at="2021-10-20T11:49:54 ART" name="afterMethod" finished-at="2021-10-20T11:49:54 ART" duration-ms="1" status="PASS">
          <reporter-output>
          </reporter-output>
        </test-method> <!-- afterMethod -->
        <test-method is-config="true" signature="beforeMethod()[pri:0, instance:tudai.testng.test.ProgramaTest@505fc5a4]" started-at="2021-10-20T11:49:54 ART" name="beforeMethod" finished-at="2021-10-20T11:49:54 ART" duration-ms="1" status="PASS">
          <reporter-output>
          </reporter-output>
        </test-method> <!-- beforeMethod -->
        <test-method signature="testTareas(java.lang.Object)[pri:0, instance:tudai.testng.test.ProgramaTest@505fc5a4]" started-at="2021-10-20T11:49:54 ART" name="testTareas" data-provider="gen-rand" finished-at="2021-10-20T11:49:54 ART" duration-ms="1" status="PASS">
          <params>
            <param index="0">
              <value>
                <![CDATA[Tarea25]]>
              </value>
            </param>
          </params>
          <reporter-output>
          </reporter-output>
        </test-method> <!-- testTareas -->
        <test-method is-config="true" signature="afterMethod()[pri:0, instance:tudai.testng.test.ProgramaTest@505fc5a4]" started-at="2021-10-20T11:49:54 ART" name="afterMethod" finished-at="2021-10-20T11:49:54 ART" duration-ms="1" status="PASS">
          <reporter-output>
          </reporter-output>
        </test-method> <!-- afterMethod -->
        <test-method is-config="true" signature="beforeMethod()[pri:0, instance:tudai.testng.test.ProgramaTest@505fc5a4]" started-at="2021-10-20T11:49:54 ART" name="beforeMethod" finished-at="2021-10-20T11:49:54 ART" duration-ms="0" status="PASS">
          <reporter-output>
          </reporter-output>
        </test-method> <!-- beforeMethod -->
        <test-method signature="testTareas(java.lang.Object)[pri:0, instance:tudai.testng.test.ProgramaTest@505fc5a4]" started-at="2021-10-20T11:49:54 ART" name="testTareas" data-provider="gen-rand" finished-at="2021-10-20T11:49:54 ART" duration-ms="7" status="PASS">
          <params>
            <param index="0">
              <value>
                <![CDATA[Tarea26]]>
              </value>
            </param>
          </params>
          <reporter-output>
          </reporter-output>
        </test-method> <!-- testTareas -->
        <test-method is-config="true" signature="afterMethod()[pri:0, instance:tudai.testng.test.ProgramaTest@505fc5a4]" started-at="2021-10-20T11:49:54 ART" name="afterMethod" finished-at="2021-10-20T11:49:54 ART" duration-ms="1" status="PASS">
          <reporter-output>
          </reporter-output>
        </test-method> <!-- afterMethod -->
        <test-method signature="testTareas(java.lang.Object)[pri:0, instance:tudai.testng.test.ProgramaTest@505fc5a4]" started-at="2021-10-20T11:49:54 ART" name="testTareas" data-provider="gen-rand" finished-at="2021-10-20T11:49:54 ART" duration-ms="6" status="PASS">
          <params>
            <param index="0">
              <value>
                <![CDATA[Tarea27]]>
              </value>
            </param>
          </params>
          <reporter-output>
          </reporter-output>
        </test-method> <!-- testTareas -->
        <test-method is-config="true" signature="beforeMethod()[pri:0, instance:tudai.testng.test.ProgramaTest@505fc5a4]" started-at="2021-10-20T11:49:54 ART" name="beforeMethod" finished-at="2021-10-20T11:49:54 ART" duration-ms="0" status="PASS">
          <reporter-output>
          </reporter-output>
        </test-method> <!-- beforeMethod -->
        <test-method is-config="true" signature="afterMethod()[pri:0, instance:tudai.testng.test.ProgramaTest@505fc5a4]" started-at="2021-10-20T11:49:54 ART" name="afterMethod" finished-at="2021-10-20T11:49:54 ART" duration-ms="4" status="PASS">
          <reporter-output>
          </reporter-output>
        </test-method> <!-- afterMethod -->
        <test-method is-config="true" signature="beforeMethod()[pri:0, instance:tudai.testng.test.ProgramaTest@505fc5a4]" started-at="2021-10-20T11:49:54 ART" name="beforeMethod" finished-at="2021-10-20T11:49:54 ART" duration-ms="3" status="PASS">
          <reporter-output>
          </reporter-output>
        </test-method> <!-- beforeMethod -->
        <test-method signature="testTareas(java.lang.Object)[pri:0, instance:tudai.testng.test.ProgramaTest@505fc5a4]" started-at="2021-10-20T11:49:54 ART" name="testTareas" data-provider="gen-rand" finished-at="2021-10-20T11:49:54 ART" duration-ms="5" status="PASS">
          <params>
            <param index="0">
              <value>
                <![CDATA[Tarea28]]>
              </value>
            </param>
          </params>
          <reporter-output>
          </reporter-output>
        </test-method> <!-- testTareas -->
        <test-method is-config="true" signature="afterMethod()[pri:0, instance:tudai.testng.test.ProgramaTest@505fc5a4]" started-at="2021-10-20T11:49:54 ART" name="afterMethod" finished-at="2021-10-20T11:49:54 ART" duration-ms="5" status="PASS">
          <reporter-output>
          </reporter-output>
        </test-method> <!-- afterMethod -->
        <test-method is-config="true" signature="beforeMethod()[pri:0, instance:tudai.testng.test.ProgramaTest@505fc5a4]" started-at="2021-10-20T11:49:54 ART" name="beforeMethod" finished-at="2021-10-20T11:49:54 ART" duration-ms="1" status="PASS">
          <reporter-output>
          </reporter-output>
        </test-method> <!-- beforeMethod -->
        <test-method signature="testTareas(java.lang.Object)[pri:0, instance:tudai.testng.test.ProgramaTest@505fc5a4]" started-at="2021-10-20T11:49:54 ART" name="testTareas" data-provider="gen-rand" finished-at="2021-10-20T11:49:54 ART" duration-ms="13" status="PASS">
          <params>
            <param index="0">
              <value>
                <![CDATA[Tarea29]]>
              </value>
            </param>
          </params>
          <reporter-output>
          </reporter-output>
        </test-method> <!-- testTareas -->
        <test-method is-config="true" signature="afterMethod()[pri:0, instance:tudai.testng.test.ProgramaTest@505fc5a4]" started-at="2021-10-20T11:49:54 ART" name="afterMethod" finished-at="2021-10-20T11:49:54 ART" duration-ms="2" status="PASS">
          <reporter-output>
          </reporter-output>
        </test-method> <!-- afterMethod -->
        <test-method is-config="true" signature="beforeMethod()[pri:0, instance:tudai.testng.test.ProgramaTest@505fc5a4]" started-at="2021-10-20T11:49:54 ART" name="beforeMethod" finished-at="2021-10-20T11:49:54 ART" duration-ms="2" status="PASS">
          <reporter-output>
          </reporter-output>
        </test-method> <!-- beforeMethod -->
        <test-method signature="testTareas(java.lang.Object)[pri:0, instance:tudai.testng.test.ProgramaTest@505fc5a4]" started-at="2021-10-20T11:49:54 ART" name="testTareas" data-provider="gen-rand" finished-at="2021-10-20T11:49:54 ART" duration-ms="1" status="PASS">
          <params>
            <param index="0">
              <value>
                <![CDATA[Tarea30]]>
              </value>
            </param>
          </params>
          <reporter-output>
          </reporter-output>
        </test-method> <!-- testTareas -->
        <test-method is-config="true" signature="afterMethod()[pri:0, instance:tudai.testng.test.ProgramaTest@505fc5a4]" started-at="2021-10-20T11:49:54 ART" name="afterMethod" finished-at="2021-10-20T11:49:54 ART" duration-ms="1" status="PASS">
          <reporter-output>
          </reporter-output>
        </test-method> <!-- afterMethod -->
        <test-method is-config="true" signature="beforeMethod()[pri:0, instance:tudai.testng.test.ProgramaTest@505fc5a4]" started-at="2021-10-20T11:49:54 ART" name="beforeMethod" finished-at="2021-10-20T11:49:54 ART" duration-ms="0" status="PASS">
          <reporter-output>
          </reporter-output>
        </test-method> <!-- beforeMethod -->
        <test-method signature="testTareas(java.lang.Object)[pri:0, instance:tudai.testng.test.ProgramaTest@505fc5a4]" started-at="2021-10-20T11:49:54 ART" name="testTareas" data-provider="gen-rand" finished-at="2021-10-20T11:49:54 ART" duration-ms="6" status="PASS">
          <params>
            <param index="0">
              <value>
                <![CDATA[Tarea31]]>
              </value>
            </param>
          </params>
          <reporter-output>
          </reporter-output>
        </test-method> <!-- testTareas -->
        <test-method is-config="true" signature="afterMethod()[pri:0, instance:tudai.testng.test.ProgramaTest@505fc5a4]" started-at="2021-10-20T11:49:54 ART" name="afterMethod" finished-at="2021-10-20T11:49:54 ART" duration-ms="3" status="PASS">
          <reporter-output>
          </reporter-output>
        </test-method> <!-- afterMethod -->
        <test-method is-config="true" signature="beforeMethod()[pri:0, instance:tudai.testng.test.ProgramaTest@505fc5a4]" started-at="2021-10-20T11:49:54 ART" name="beforeMethod" finished-at="2021-10-20T11:49:54 ART" duration-ms="1" status="PASS">
          <reporter-output>
          </reporter-output>
        </test-method> <!-- beforeMethod -->
        <test-method signature="testTareas(java.lang.Object)[pri:0, instance:tudai.testng.test.ProgramaTest@505fc5a4]" started-at="2021-10-20T11:49:54 ART" name="testTareas" data-provider="gen-rand" finished-at="2021-10-20T11:49:54 ART" duration-ms="2" status="PASS">
          <params>
            <param index="0">
              <value>
                <![CDATA[Tarea32]]>
              </value>
            </param>
          </params>
          <reporter-output>
          </reporter-output>
        </test-method> <!-- testTareas -->
        <test-method is-config="true" signature="afterMethod()[pri:0, instance:tudai.testng.test.ProgramaTest@505fc5a4]" started-at="2021-10-20T11:49:54 ART" name="afterMethod" finished-at="2021-10-20T11:49:54 ART" duration-ms="1" status="PASS">
          <reporter-output>
          </reporter-output>
        </test-method> <!-- afterMethod -->
        <test-method is-config="true" signature="beforeMethod()[pri:0, instance:tudai.testng.test.ProgramaTest@505fc5a4]" started-at="2021-10-20T11:49:54 ART" name="beforeMethod" finished-at="2021-10-20T11:49:54 ART" duration-ms="0" status="PASS">
          <reporter-output>
          </reporter-output>
        </test-method> <!-- beforeMethod -->
        <test-method signature="testTareas(java.lang.Object)[pri:0, instance:tudai.testng.test.ProgramaTest@505fc5a4]" started-at="2021-10-20T11:49:54 ART" name="testTareas" data-provider="gen-rand" finished-at="2021-10-20T11:49:54 ART" duration-ms="10" status="PASS">
          <params>
            <param index="0">
              <value>
                <![CDATA[Tarea33]]>
              </value>
            </param>
          </params>
          <reporter-output>
          </reporter-output>
        </test-method> <!-- testTareas -->
        <test-method is-config="true" signature="beforeMethod()[pri:0, instance:tudai.testng.test.ProgramaTest@505fc5a4]" started-at="2021-10-20T11:49:54 ART" name="beforeMethod" finished-at="2021-10-20T11:49:54 ART" duration-ms="1" status="PASS">
          <reporter-output>
          </reporter-output>
        </test-method> <!-- beforeMethod -->
        <test-method is-config="true" signature="afterMethod()[pri:0, instance:tudai.testng.test.ProgramaTest@505fc5a4]" started-at="2021-10-20T11:49:54 ART" name="afterMethod" finished-at="2021-10-20T11:49:54 ART" duration-ms="0" status="PASS">
          <reporter-output>
          </reporter-output>
        </test-method> <!-- afterMethod -->
        <test-method signature="testTareas(java.lang.Object)[pri:0, instance:tudai.testng.test.ProgramaTest@505fc5a4]" started-at="2021-10-20T11:49:54 ART" name="testTareas" data-provider="gen-rand" finished-at="2021-10-20T11:49:54 ART" duration-ms="2" status="PASS">
          <params>
            <param index="0">
              <value>
                <![CDATA[Tarea34]]>
              </value>
            </param>
          </params>
          <reporter-output>
          </reporter-output>
        </test-method> <!-- testTareas -->
        <test-method is-config="true" signature="afterMethod()[pri:0, instance:tudai.testng.test.ProgramaTest@505fc5a4]" started-at="2021-10-20T11:49:54 ART" name="afterMethod" finished-at="2021-10-20T11:49:54 ART" duration-ms="7" status="PASS">
          <reporter-output>
          </reporter-output>
        </test-method> <!-- afterMethod -->
        <test-method is-config="true" signature="beforeMethod()[pri:0, instance:tudai.testng.test.ProgramaTest@505fc5a4]" started-at="2021-10-20T11:49:54 ART" name="beforeMethod" finished-at="2021-10-20T11:49:54 ART" duration-ms="0" status="PASS">
          <reporter-output>
          </reporter-output>
        </test-method> <!-- beforeMethod -->
        <test-method signature="testTareas(java.lang.Object)[pri:0, instance:tudai.testng.test.ProgramaTest@505fc5a4]" started-at="2021-10-20T11:49:54 ART" name="testTareas" data-provider="gen-rand" finished-at="2021-10-20T11:49:54 ART" duration-ms="1" status="PASS">
          <params>
            <param index="0">
              <value>
                <![CDATA[Tarea35]]>
              </value>
            </param>
          </params>
          <reporter-output>
          </reporter-output>
        </test-method> <!-- testTareas -->
        <test-method is-config="true" signature="afterMethod()[pri:0, instance:tudai.testng.test.ProgramaTest@505fc5a4]" started-at="2021-10-20T11:49:54 ART" name="afterMethod" finished-at="2021-10-20T11:49:54 ART" duration-ms="2" status="PASS">
          <reporter-output>
          </reporter-output>
        </test-method> <!-- afterMethod -->
        <test-method signature="testTareas(java.lang.Object)[pri:0, instance:tudai.testng.test.ProgramaTest@505fc5a4]" started-at="2021-10-20T11:49:54 ART" name="testTareas" data-provider="gen-rand" finished-at="2021-10-20T11:49:54 ART" duration-ms="2" status="PASS">
          <params>
            <param index="0">
              <value>
                <![CDATA[Tarea36]]>
              </value>
            </param>
          </params>
          <reporter-output>
          </reporter-output>
        </test-method> <!-- testTareas -->
        <test-method is-config="true" signature="beforeMethod()[pri:0, instance:tudai.testng.test.ProgramaTest@505fc5a4]" started-at="2021-10-20T11:49:54 ART" name="beforeMethod" finished-at="2021-10-20T11:49:54 ART" duration-ms="0" status="PASS">
          <reporter-output>
          </reporter-output>
        </test-method> <!-- beforeMethod -->
        <test-method is-config="true" signature="afterMethod()[pri:0, instance:tudai.testng.test.ProgramaTest@505fc5a4]" started-at="2021-10-20T11:49:54 ART" name="afterMethod" finished-at="2021-10-20T11:49:54 ART" duration-ms="0" status="PASS">
          <reporter-output>
          </reporter-output>
        </test-method> <!-- afterMethod -->
        <test-method is-config="true" signature="beforeMethod()[pri:0, instance:tudai.testng.test.ProgramaTest@505fc5a4]" started-at="2021-10-20T11:49:54 ART" name="beforeMethod" finished-at="2021-10-20T11:49:54 ART" duration-ms="2" status="PASS">
          <reporter-output>
          </reporter-output>
        </test-method> <!-- beforeMethod -->
        <test-method signature="testTareas(java.lang.Object)[pri:0, instance:tudai.testng.test.ProgramaTest@505fc5a4]" started-at="2021-10-20T11:49:54 ART" name="testTareas" data-provider="gen-rand" finished-at="2021-10-20T11:49:54 ART" duration-ms="1" status="PASS">
          <params>
            <param index="0">
              <value>
                <![CDATA[Tarea37]]>
              </value>
            </param>
          </params>
          <reporter-output>
          </reporter-output>
        </test-method> <!-- testTareas -->
        <test-method is-config="true" signature="afterMethod()[pri:0, instance:tudai.testng.test.ProgramaTest@505fc5a4]" started-at="2021-10-20T11:49:54 ART" name="afterMethod" finished-at="2021-10-20T11:49:54 ART" duration-ms="2" status="PASS">
          <reporter-output>
          </reporter-output>
        </test-method> <!-- afterMethod -->
        <test-method is-config="true" signature="beforeMethod()[pri:0, instance:tudai.testng.test.ProgramaTest@505fc5a4]" started-at="2021-10-20T11:49:54 ART" name="beforeMethod" finished-at="2021-10-20T11:49:54 ART" duration-ms="1" status="PASS">
          <reporter-output>
          </reporter-output>
        </test-method> <!-- beforeMethod -->
        <test-method signature="testTareas(java.lang.Object)[pri:0, instance:tudai.testng.test.ProgramaTest@505fc5a4]" started-at="2021-10-20T11:49:54 ART" name="testTareas" data-provider="gen-rand" finished-at="2021-10-20T11:49:54 ART" duration-ms="1" status="PASS">
          <params>
            <param index="0">
              <value>
                <![CDATA[Tarea38]]>
              </value>
            </param>
          </params>
          <reporter-output>
          </reporter-output>
        </test-method> <!-- testTareas -->
        <test-method is-config="true" signature="afterMethod()[pri:0, instance:tudai.testng.test.ProgramaTest@505fc5a4]" started-at="2021-10-20T11:49:54 ART" name="afterMethod" finished-at="2021-10-20T11:49:54 ART" duration-ms="1" status="PASS">
          <reporter-output>
          </reporter-output>
        </test-method> <!-- afterMethod -->
        <test-method is-config="true" signature="beforeMethod()[pri:0, instance:tudai.testng.test.ProgramaTest@505fc5a4]" started-at="2021-10-20T11:49:54 ART" name="beforeMethod" finished-at="2021-10-20T11:49:54 ART" duration-ms="4" status="PASS">
          <reporter-output>
          </reporter-output>
        </test-method> <!-- beforeMethod -->
        <test-method signature="testTareas(java.lang.Object)[pri:0, instance:tudai.testng.test.ProgramaTest@505fc5a4]" started-at="2021-10-20T11:49:54 ART" name="testTareas" data-provider="gen-rand" finished-at="2021-10-20T11:49:54 ART" duration-ms="1" status="PASS">
          <params>
            <param index="0">
              <value>
                <![CDATA[Tarea39]]>
              </value>
            </param>
          </params>
          <reporter-output>
          </reporter-output>
        </test-method> <!-- testTareas -->
        <test-method is-config="true" signature="afterMethod()[pri:0, instance:tudai.testng.test.ProgramaTest@505fc5a4]" started-at="2021-10-20T11:49:54 ART" name="afterMethod" finished-at="2021-10-20T11:49:54 ART" duration-ms="0" status="PASS">
          <reporter-output>
          </reporter-output>
        </test-method> <!-- afterMethod -->
        <test-method is-config="true" signature="beforeMethod()[pri:0, instance:tudai.testng.test.ProgramaTest@505fc5a4]" started-at="2021-10-20T11:49:54 ART" name="beforeMethod" finished-at="2021-10-20T11:49:54 ART" duration-ms="1" status="PASS">
          <reporter-output>
          </reporter-output>
        </test-method> <!-- beforeMethod -->
        <test-method signature="testUsr(tudai.testng.src.Usuario)[pri:0, instance:tudai.testng.test.ProgramaTest@505fc5a4]" started-at="2021-10-20T11:49:54 ART" name="testUsr" data-provider="generador-usr" finished-at="2021-10-20T11:49:54 ART" duration-ms="1" status="PASS">
          <params>
            <param index="0">
              <value>
                <![CDATA[Juan]]>
              </value>
            </param>
          </params>
          <reporter-output>
          </reporter-output>
        </test-method> <!-- testUsr -->
        <test-method is-config="true" signature="afterMethod()[pri:0, instance:tudai.testng.test.ProgramaTest@505fc5a4]" started-at="2021-10-20T11:49:54 ART" name="afterMethod" finished-at="2021-10-20T11:49:54 ART" duration-ms="1" status="PASS">
          <reporter-output>
          </reporter-output>
        </test-method> <!-- afterMethod -->
        <test-method is-config="true" signature="beforeMethod()[pri:0, instance:tudai.testng.test.ProgramaTest@505fc5a4]" started-at="2021-10-20T11:49:54 ART" name="beforeMethod" finished-at="2021-10-20T11:49:54 ART" duration-ms="0" status="PASS">
          <reporter-output>
          </reporter-output>
        </test-method> <!-- beforeMethod -->
        <test-method signature="testUsr(tudai.testng.src.Usuario)[pri:0, instance:tudai.testng.test.ProgramaTest@505fc5a4]" started-at="2021-10-20T11:49:54 ART" name="testUsr" data-provider="generador-usr" finished-at="2021-10-20T11:49:54 ART" duration-ms="1" status="PASS">
          <params>
            <param index="0">
              <value>
                <![CDATA[Pedro]]>
              </value>
            </param>
          </params>
          <reporter-output>
          </reporter-output>
        </test-method> <!-- testUsr -->
        <test-method is-config="true" signature="afterMethod()[pri:0, instance:tudai.testng.test.ProgramaTest@505fc5a4]" started-at="2021-10-20T11:49:54 ART" name="afterMethod" finished-at="2021-10-20T11:49:54 ART" duration-ms="2" status="PASS">
          <reporter-output>
          </reporter-output>
        </test-method> <!-- afterMethod -->
        <test-method is-config="true" signature="beforeMethod()[pri:0, instance:tudai.testng.test.ProgramaTest@505fc5a4]" started-at="2021-10-20T11:49:54 ART" name="beforeMethod" finished-at="2021-10-20T11:49:54 ART" duration-ms="0" status="PASS">
          <reporter-output>
          </reporter-output>
        </test-method> <!-- beforeMethod -->
        <test-method signature="testUsr(tudai.testng.src.Usuario)[pri:0, instance:tudai.testng.test.ProgramaTest@505fc5a4]" started-at="2021-10-20T11:49:54 ART" name="testUsr" data-provider="generador-usr" finished-at="2021-10-20T11:49:54 ART" duration-ms="1" status="PASS">
          <params>
            <param index="0">
              <value>
                <![CDATA[Maria]]>
              </value>
            </param>
          </params>
          <reporter-output>
          </reporter-output>
        </test-method> <!-- testUsr -->
        <test-method is-config="true" signature="afterMethod()[pri:0, instance:tudai.testng.test.ProgramaTest@505fc5a4]" started-at="2021-10-20T11:49:54 ART" name="afterMethod" finished-at="2021-10-20T11:49:54 ART" duration-ms="1" status="PASS">
          <reporter-output>
          </reporter-output>
        </test-method> <!-- afterMethod -->
        <test-method is-config="true" signature="beforeMethod()[pri:0, instance:tudai.testng.test.ProgramaTest@505fc5a4]" started-at="2021-10-20T11:49:54 ART" name="beforeMethod" finished-at="2021-10-20T11:49:54 ART" duration-ms="0" status="PASS">
          <reporter-output>
          </reporter-output>
        </test-method> <!-- beforeMethod -->
        <test-method signature="testUsr(tudai.testng.src.Usuario)[pri:0, instance:tudai.testng.test.ProgramaTest@505fc5a4]" started-at="2021-10-20T11:49:54 ART" name="testUsr" data-provider="generador-usr" finished-at="2021-10-20T11:49:54 ART" duration-ms="1" status="PASS">
          <params>
            <param index="0">
              <value>
                <![CDATA[Cecilia]]>
              </value>
            </param>
          </params>
          <reporter-output>
          </reporter-output>
        </test-method> <!-- testUsr -->
        <test-method is-config="true" signature="afterMethod()[pri:0, instance:tudai.testng.test.ProgramaTest@505fc5a4]" started-at="2021-10-20T11:49:54 ART" name="afterMethod" finished-at="2021-10-20T11:49:54 ART" duration-ms="1" status="PASS">
          <reporter-output>
          </reporter-output>
        </test-method> <!-- afterMethod -->
        <test-method is-config="true" signature="beforeMethod()[pri:0, instance:tudai.testng.test.ProgramaTest@505fc5a4]" started-at="2021-10-20T11:49:54 ART" name="beforeMethod" finished-at="2021-10-20T11:49:54 ART" duration-ms="0" status="PASS">
          <reporter-output>
          </reporter-output>
        </test-method> <!-- beforeMethod -->
        <test-method signature="testUsr(tudai.testng.src.Usuario)[pri:0, instance:tudai.testng.test.ProgramaTest@505fc5a4]" started-at="2021-10-20T11:49:54 ART" name="testUsr" data-provider="generador-usr" finished-at="2021-10-20T11:49:54 ART" duration-ms="2" status="PASS">
          <params>
            <param index="0">
              <value>
                <![CDATA[Carlos]]>
              </value>
            </param>
          </params>
          <reporter-output>
          </reporter-output>
        </test-method> <!-- testUsr -->
        <test-method is-config="true" signature="afterMethod()[pri:0, instance:tudai.testng.test.ProgramaTest@505fc5a4]" started-at="2021-10-20T11:49:54 ART" name="afterMethod" finished-at="2021-10-20T11:49:54 ART" duration-ms="0" status="PASS">
          <reporter-output>
          </reporter-output>
        </test-method> <!-- afterMethod -->
        <test-method signature="testUsr(tudai.testng.src.Usuario)[pri:0, instance:tudai.testng.test.ProgramaTest@505fc5a4]" started-at="2021-10-20T11:49:54 ART" name="testUsr" data-provider="generador-usr" finished-at="2021-10-20T11:49:54 ART" duration-ms="2" status="PASS">
          <params>
            <param index="0">
              <value>
                <![CDATA[Jose]]>
              </value>
            </param>
          </params>
          <reporter-output>
          </reporter-output>
        </test-method> <!-- testUsr -->
        <test-method is-config="true" signature="beforeMethod()[pri:0, instance:tudai.testng.test.ProgramaTest@505fc5a4]" started-at="2021-10-20T11:49:54 ART" name="beforeMethod" finished-at="2021-10-20T11:49:54 ART" duration-ms="0" status="PASS">
          <reporter-output>
          </reporter-output>
        </test-method> <!-- beforeMethod -->
        <test-method is-config="true" signature="afterMethod()[pri:0, instance:tudai.testng.test.ProgramaTest@505fc5a4]" started-at="2021-10-20T11:49:54 ART" name="afterMethod" finished-at="2021-10-20T11:49:54 ART" duration-ms="0" status="PASS">
          <reporter-output>
          </reporter-output>
        </test-method> <!-- afterMethod -->
        <test-method is-config="true" signature="beforeMethod()[pri:0, instance:tudai.testng.test.ProgramaTest@505fc5a4]" started-at="2021-10-20T11:49:54 ART" name="beforeMethod" finished-at="2021-10-20T11:49:54 ART" duration-ms="0" status="PASS">
          <reporter-output>
          </reporter-output>
        </test-method> <!-- beforeMethod -->
        <test-method signature="testUsr(tudai.testng.src.Usuario)[pri:0, instance:tudai.testng.test.ProgramaTest@505fc5a4]" started-at="2021-10-20T11:49:54 ART" name="testUsr" data-provider="generador-usr" finished-at="2021-10-20T11:49:54 ART" duration-ms="6" status="PASS">
          <params>
            <param index="0">
              <value>
                <![CDATA[Quique]]>
              </value>
            </param>
          </params>
          <reporter-output>
          </reporter-output>
        </test-method> <!-- testUsr -->
        <test-method is-config="true" signature="afterMethod()[pri:0, instance:tudai.testng.test.ProgramaTest@505fc5a4]" started-at="2021-10-20T11:49:54 ART" name="afterMethod" finished-at="2021-10-20T11:49:54 ART" duration-ms="1" status="PASS">
          <reporter-output>
          </reporter-output>
        </test-method> <!-- afterMethod -->
        <test-method signature="testUsr(tudai.testng.src.Usuario)[pri:0, instance:tudai.testng.test.ProgramaTest@505fc5a4]" started-at="2021-10-20T11:49:54 ART" name="testUsr" data-provider="generador-usr" finished-at="2021-10-20T11:49:54 ART" duration-ms="1" status="PASS">
          <params>
            <param index="0">
              <value>
                <![CDATA[Juan]]>
              </value>
            </param>
          </params>
          <reporter-output>
          </reporter-output>
        </test-method> <!-- testUsr -->
        <test-method is-config="true" signature="beforeMethod()[pri:0, instance:tudai.testng.test.ProgramaTest@505fc5a4]" started-at="2021-10-20T11:49:54 ART" name="beforeMethod" finished-at="2021-10-20T11:49:54 ART" duration-ms="0" status="PASS">
          <reporter-output>
          </reporter-output>
        </test-method> <!-- beforeMethod -->
        <test-method is-config="true" signature="afterMethod()[pri:0, instance:tudai.testng.test.ProgramaTest@505fc5a4]" started-at="2021-10-20T11:49:54 ART" name="afterMethod" finished-at="2021-10-20T11:49:54 ART" duration-ms="1" status="PASS">
          <reporter-output>
          </reporter-output>
        </test-method> <!-- afterMethod -->
        <test-method is-config="true" signature="beforeMethod()[pri:0, instance:tudai.testng.test.ProgramaTest@505fc5a4]" started-at="2021-10-20T11:49:54 ART" name="beforeMethod" finished-at="2021-10-20T11:49:54 ART" duration-ms="2" status="PASS">
          <reporter-output>
          </reporter-output>
        </test-method> <!-- beforeMethod -->
        <test-method signature="testUsr(tudai.testng.src.Usuario)[pri:0, instance:tudai.testng.test.ProgramaTest@505fc5a4]" started-at="2021-10-20T11:49:54 ART" name="testUsr" data-provider="generador-usr" finished-at="2021-10-20T11:49:54 ART" duration-ms="8" status="PASS">
          <params>
            <param index="0">
              <value>
                <![CDATA[Pedro]]>
              </value>
            </param>
          </params>
          <reporter-output>
          </reporter-output>
        </test-method> <!-- testUsr -->
        <test-method is-config="true" signature="afterMethod()[pri:0, instance:tudai.testng.test.ProgramaTest@505fc5a4]" started-at="2021-10-20T11:49:54 ART" name="afterMethod" finished-at="2021-10-20T11:49:54 ART" duration-ms="0" status="PASS">
          <reporter-output>
          </reporter-output>
        </test-method> <!-- afterMethod -->
        <test-method signature="testUsr(tudai.testng.src.Usuario)[pri:0, instance:tudai.testng.test.ProgramaTest@505fc5a4]" started-at="2021-10-20T11:49:54 ART" name="testUsr" data-provider="generador-usr" finished-at="2021-10-20T11:49:54 ART" duration-ms="1" status="PASS">
          <params>
            <param index="0">
              <value>
                <![CDATA[Maria]]>
              </value>
            </param>
          </params>
          <reporter-output>
          </reporter-output>
        </test-method> <!-- testUsr -->
        <test-method is-config="true" signature="beforeMethod()[pri:0, instance:tudai.testng.test.ProgramaTest@505fc5a4]" started-at="2021-10-20T11:49:54 ART" name="beforeMethod" finished-at="2021-10-20T11:49:54 ART" duration-ms="0" status="PASS">
          <reporter-output>
          </reporter-output>
        </test-method> <!-- beforeMethod -->
        <test-method is-config="true" signature="afterMethod()[pri:0, instance:tudai.testng.test.ProgramaTest@505fc5a4]" started-at="2021-10-20T11:49:54 ART" name="afterMethod" finished-at="2021-10-20T11:49:54 ART" duration-ms="1" status="PASS">
          <reporter-output>
          </reporter-output>
        </test-method> <!-- afterMethod -->
        <test-method is-config="true" signature="beforeMethod()[pri:0, instance:tudai.testng.test.ProgramaTest@505fc5a4]" started-at="2021-10-20T11:49:54 ART" name="beforeMethod" finished-at="2021-10-20T11:49:54 ART" duration-ms="1" status="PASS">
          <reporter-output>
          </reporter-output>
        </test-method> <!-- beforeMethod -->
        <test-method signature="testUsr(tudai.testng.src.Usuario)[pri:0, instance:tudai.testng.test.ProgramaTest@505fc5a4]" started-at="2021-10-20T11:49:54 ART" name="testUsr" data-provider="generador-usr" finished-at="2021-10-20T11:49:54 ART" duration-ms="10" status="PASS">
          <params>
            <param index="0">
              <value>
                <![CDATA[Cecilia]]>
              </value>
            </param>
          </params>
          <reporter-output>
          </reporter-output>
        </test-method> <!-- testUsr -->
        <test-method is-config="true" signature="afterMethod()[pri:0, instance:tudai.testng.test.ProgramaTest@505fc5a4]" started-at="2021-10-20T11:49:54 ART" name="afterMethod" finished-at="2021-10-20T11:49:54 ART" duration-ms="2" status="PASS">
          <reporter-output>
          </reporter-output>
        </test-method> <!-- afterMethod -->
        <test-method is-config="true" signature="beforeMethod()[pri:0, instance:tudai.testng.test.ProgramaTest@505fc5a4]" started-at="2021-10-20T11:49:54 ART" name="beforeMethod" finished-at="2021-10-20T11:49:54 ART" duration-ms="0" status="PASS">
          <reporter-output>
          </reporter-output>
        </test-method> <!-- beforeMethod -->
        <test-method signature="testUsr(tudai.testng.src.Usuario)[pri:0, instance:tudai.testng.test.ProgramaTest@505fc5a4]" started-at="2021-10-20T11:49:54 ART" name="testUsr" data-provider="generador-usr" finished-at="2021-10-20T11:49:54 ART" duration-ms="1" status="PASS">
          <params>
            <param index="0">
              <value>
                <![CDATA[Carlos]]>
              </value>
            </param>
          </params>
          <reporter-output>
          </reporter-output>
        </test-method> <!-- testUsr -->
        <test-method is-config="true" signature="afterMethod()[pri:0, instance:tudai.testng.test.ProgramaTest@505fc5a4]" started-at="2021-10-20T11:49:54 ART" name="afterMethod" finished-at="2021-10-20T11:49:54 ART" duration-ms="1" status="PASS">
          <reporter-output>
          </reporter-output>
        </test-method> <!-- afterMethod -->
        <test-method is-config="true" signature="beforeMethod()[pri:0, instance:tudai.testng.test.ProgramaTest@505fc5a4]" started-at="2021-10-20T11:49:54 ART" name="beforeMethod" finished-at="2021-10-20T11:49:54 ART" duration-ms="0" status="PASS">
          <reporter-output>
          </reporter-output>
        </test-method> <!-- beforeMethod -->
        <test-method signature="testUsr(tudai.testng.src.Usuario)[pri:0, instance:tudai.testng.test.ProgramaTest@505fc5a4]" started-at="2021-10-20T11:49:54 ART" name="testUsr" data-provider="generador-usr" finished-at="2021-10-20T11:49:54 ART" duration-ms="1" status="PASS">
          <params>
            <param index="0">
              <value>
                <![CDATA[Jose]]>
              </value>
            </param>
          </params>
          <reporter-output>
          </reporter-output>
        </test-method> <!-- testUsr -->
        <test-method is-config="true" signature="afterMethod()[pri:0, instance:tudai.testng.test.ProgramaTest@505fc5a4]" started-at="2021-10-20T11:49:54 ART" name="afterMethod" finished-at="2021-10-20T11:49:54 ART" duration-ms="1" status="PASS">
          <reporter-output>
          </reporter-output>
        </test-method> <!-- afterMethod -->
        <test-method is-config="true" signature="beforeMethod()[pri:0, instance:tudai.testng.test.ProgramaTest@505fc5a4]" started-at="2021-10-20T11:49:54 ART" name="beforeMethod" finished-at="2021-10-20T11:49:54 ART" duration-ms="0" status="PASS">
          <reporter-output>
          </reporter-output>
        </test-method> <!-- beforeMethod -->
        <test-method signature="testUsr(tudai.testng.src.Usuario)[pri:0, instance:tudai.testng.test.ProgramaTest@505fc5a4]" started-at="2021-10-20T11:49:54 ART" name="testUsr" data-provider="generador-usr" finished-at="2021-10-20T11:49:54 ART" duration-ms="2" status="PASS">
          <params>
            <param index="0">
              <value>
                <![CDATA[Quique]]>
              </value>
            </param>
          </params>
          <reporter-output>
          </reporter-output>
        </test-method> <!-- testUsr -->
        <test-method is-config="true" signature="afterMethod()[pri:0, instance:tudai.testng.test.ProgramaTest@505fc5a4]" started-at="2021-10-20T11:49:54 ART" name="afterMethod" finished-at="2021-10-20T11:49:54 ART" duration-ms="1" status="PASS">
          <reporter-output>
          </reporter-output>
        </test-method> <!-- afterMethod -->
        <test-method is-config="true" signature="beforeMethod()[pri:0, instance:tudai.testng.test.ProgramaTest@505fc5a4]" started-at="2021-10-20T11:49:54 ART" name="beforeMethod" finished-at="2021-10-20T11:49:54 ART" duration-ms="3" status="PASS">
          <reporter-output>
          </reporter-output>
        </test-method> <!-- beforeMethod -->
        <test-method signature="testUsr(tudai.testng.src.Usuario)[pri:0, instance:tudai.testng.test.ProgramaTest@505fc5a4]" started-at="2021-10-20T11:49:54 ART" name="testUsr" data-provider="generador-usr" finished-at="2021-10-20T11:49:54 ART" duration-ms="1" status="PASS">
          <params>
            <param index="0">
              <value>
                <![CDATA[Juan]]>
              </value>
            </param>
          </params>
          <reporter-output>
          </reporter-output>
        </test-method> <!-- testUsr -->
        <test-method is-config="true" signature="afterMethod()[pri:0, instance:tudai.testng.test.ProgramaTest@505fc5a4]" started-at="2021-10-20T11:49:54 ART" name="afterMethod" finished-at="2021-10-20T11:49:54 ART" duration-ms="11" status="PASS">
          <reporter-output>
          </reporter-output>
        </test-method> <!-- afterMethod -->
        <test-method is-config="true" signature="beforeMethod()[pri:0, instance:tudai.testng.test.ProgramaTest@505fc5a4]" started-at="2021-10-20T11:49:54 ART" name="beforeMethod" finished-at="2021-10-20T11:49:54 ART" duration-ms="2" status="PASS">
          <reporter-output>
          </reporter-output>
        </test-method> <!-- beforeMethod -->
        <test-method signature="testUsr(tudai.testng.src.Usuario)[pri:0, instance:tudai.testng.test.ProgramaTest@505fc5a4]" started-at="2021-10-20T11:49:54 ART" name="testUsr" data-provider="generador-usr" finished-at="2021-10-20T11:49:54 ART" duration-ms="9" status="PASS">
          <params>
            <param index="0">
              <value>
                <![CDATA[Pedro]]>
              </value>
            </param>
          </params>
          <reporter-output>
          </reporter-output>
        </test-method> <!-- testUsr -->
        <test-method is-config="true" signature="afterMethod()[pri:0, instance:tudai.testng.test.ProgramaTest@505fc5a4]" started-at="2021-10-20T11:49:54 ART" name="afterMethod" finished-at="2021-10-20T11:49:54 ART" duration-ms="1" status="PASS">
          <reporter-output>
          </reporter-output>
        </test-method> <!-- afterMethod -->
        <test-method is-config="true" signature="beforeMethod()[pri:0, instance:tudai.testng.test.ProgramaTest@505fc5a4]" started-at="2021-10-20T11:49:54 ART" name="beforeMethod" finished-at="2021-10-20T11:49:54 ART" duration-ms="0" status="PASS">
          <reporter-output>
          </reporter-output>
        </test-method> <!-- beforeMethod -->
        <test-method signature="testUsr(tudai.testng.src.Usuario)[pri:0, instance:tudai.testng.test.ProgramaTest@505fc5a4]" started-at="2021-10-20T11:49:54 ART" name="testUsr" data-provider="generador-usr" finished-at="2021-10-20T11:49:54 ART" duration-ms="4" status="PASS">
          <params>
            <param index="0">
              <value>
                <![CDATA[Maria]]>
              </value>
            </param>
          </params>
          <reporter-output>
          </reporter-output>
        </test-method> <!-- testUsr -->
[...]
          <reporter-output>
          </reporter-output>
        </test-method> <!-- afterMethod -->
        <test-method signature="testUsr(tudai.testng.src.Usuario)[pri:0, instance:tudai.testng.test.ProgramaTest@505fc5a4]" started-at="2021-10-20T11:49:54 ART" name="testUsr" data-provider="generador-usr" finished-at="2021-10-20T11:49:54 ART" duration-ms="1" status="PASS">
          <params>
            <param index="0">
              <value>
                <![CDATA[Quique]]>
              </value>
            </param>
          </params>
          <reporter-output>
          </reporter-output>
        </test-method> <!-- testUsr -->
        <test-method is-config="true" signature="beforeMethod()[pri:0, instance:tudai.testng.test.ProgramaTest@505fc5a4]" started-at="2021-10-20T11:49:54 ART" name="beforeMethod" finished-at="2021-10-20T11:49:54 ART" duration-ms="0" status="PASS">
          <reporter-output>
          </reporter-output>
        </test-method> <!-- beforeMethod -->
        <test-method is-config="true" signature="afterMethod()[pri:0, instance:tudai.testng.test.ProgramaTest@505fc5a4]" started-at="2021-10-20T11:49:54 ART" name="afterMethod" finished-at="2021-10-20T11:49:54 ART" duration-ms="1" status="PASS">
          <reporter-output>
          </reporter-output>
        </test-method> <!-- afterMethod -->
        <test-method is-config="true" signature="beforeMethod()[pri:0, instance:tudai.testng.test.ProgramaTest@505fc5a4]" started-at="2021-10-20T11:49:54 ART" name="beforeMethod" finished-at="2021-10-20T11:49:54 ART" duration-ms="1" status="PASS">
          <reporter-output>
          </reporter-output>
        </test-method> <!-- beforeMethod -->
        <test-method signature="testUsr(tudai.testng.src.Usuario)[pri:0, instance:tudai.testng.test.ProgramaTest@505fc5a4]" started-at="2021-10-20T11:49:54 ART" name="testUsr" data-provider="generador-usr" finished-at="2021-10-20T11:49:54 ART" duration-ms="1" status="PASS">
          <params>
            <param index="0">
              <value>
                <![CDATA[Juan]]>
              </value>
            </param>
          </params>
          <reporter-output>
          </reporter-output>
        </test-method> <!-- testUsr -->
        <test-method is-config="true" signature="afterMethod()[pri:0, instance:tudai.testng.test.ProgramaTest@505fc5a4]" started-at="2021-10-20T11:49:54 ART" name="afterMethod" finished-at="2021-10-20T11:49:54 ART" duration-ms="1" status="PASS">
          <reporter-output>
          </reporter-output>
        </test-method> <!-- afterMethod -->
        <test-method signature="testUsr(tudai.testng.src.Usuario)[pri:0, instance:tudai.testng.test.ProgramaTest@505fc5a4]" started-at="2021-10-20T11:49:54 ART" name="testUsr" data-provider="generador-usr" finished-at="2021-10-20T11:49:54 ART" duration-ms="1" status="PASS">
          <params>
            <param index="0">
              <value>
                <![CDATA[Pedro]]>
              </value>
            </param>
          </params>
          <reporter-output>
          </reporter-output>
        </test-method> <!-- testUsr -->
        <test-method is-config="true" signature="beforeMethod()[pri:0, instance:tudai.testng.test.ProgramaTest@505fc5a4]" started-at="2021-10-20T11:49:54 ART" name="beforeMethod" finished-at="2021-10-20T11:49:54 ART" duration-ms="0" status="PASS">
          <reporter-output>
          </reporter-output>
        </test-method> <!-- beforeMethod -->
        <test-method is-config="true" signature="afterMethod()[pri:0, instance:tudai.testng.test.ProgramaTest@505fc5a4]" started-at="2021-10-20T11:49:54 ART" name="afterMethod" finished-at="2021-10-20T11:49:54 ART" duration-ms="0" status="PASS">
          <reporter-output>
          </reporter-output>
        </test-method> <!-- afterMethod -->
        <test-method is-config="true" signature="beforeMethod()[pri:0, instance:tudai.testng.test.ProgramaTest@505fc5a4]" started-at="2021-10-20T11:49:54 ART" name="beforeMethod" finished-at="2021-10-20T11:49:54 ART" duration-ms="1" status="PASS">
          <reporter-output>
          </reporter-output>
        </test-method> <!-- beforeMethod -->
        <test-method signature="testUsr(tudai.testng.src.Usuario)[pri:0, instance:tudai.testng.test.ProgramaTest@505fc5a4]" started-at="2021-10-20T11:49:54 ART" name="testUsr" data-provider="generador-usr" finished-at="2021-10-20T11:49:54 ART" duration-ms="0" status="PASS">
          <params>
            <param index="0">
              <value>
                <![CDATA[Maria]]>
              </value>
            </param>
          </params>
          <reporter-output>
          </reporter-output>
        </test-method> <!-- testUsr -->
        <test-method is-config="true" signature="afterMethod()[pri:0, instance:tudai.testng.test.ProgramaTest@505fc5a4]" started-at="2021-10-20T11:49:54 ART" name="afterMethod" finished-at="2021-10-20T11:49:54 ART" duration-ms="1" status="PASS">
          <reporter-output>
          </reporter-output>
        </test-method> <!-- afterMethod -->
        <test-method signature="testUsr(tudai.testng.src.Usuario)[pri:0, instance:tudai.testng.test.ProgramaTest@505fc5a4]" started-at="2021-10-20T11:49:54 ART" name="testUsr" data-provider="generador-usr" finished-at="2021-10-20T11:49:54 ART" duration-ms="2" status="PASS">
          <params>
            <param index="0">
              <value>
                <![CDATA[Cecilia]]>
              </value>
            </param>
          </params>
          <reporter-output>
          </reporter-output>
        </test-method> <!-- testUsr -->
        <test-method is-config="true" signature="beforeMethod()[pri:0, instance:tudai.testng.test.ProgramaTest@505fc5a4]" started-at="2021-10-20T11:49:54 ART" name="beforeMethod" finished-at="2021-10-20T11:49:54 ART" duration-ms="0" status="PASS">
          <reporter-output>
          </reporter-output>
        </test-method> <!-- beforeMethod -->
        <test-method is-config="true" signature="afterMethod()[pri:0, instance:tudai.testng.test.ProgramaTest@505fc5a4]" started-at="2021-10-20T11:49:54 ART" name="afterMethod" finished-at="2021-10-20T11:49:54 ART" duration-ms="1" status="PASS">
          <reporter-output>
          </reporter-output>
        </test-method> <!-- afterMethod -->
        <test-method is-config="true" signature="beforeMethod()[pri:0, instance:tudai.testng.test.ProgramaTest@505fc5a4]" started-at="2021-10-20T11:49:54 ART" name="beforeMethod" finished-at="2021-10-20T11:49:54 ART" duration-ms="2" status="PASS">
          <reporter-output>
          </reporter-output>
        </test-method> <!-- beforeMethod -->
        <test-method signature="testUsr(tudai.testng.src.Usuario)[pri:0, instance:tudai.testng.test.ProgramaTest@505fc5a4]" started-at="2021-10-20T11:49:54 ART" name="testUsr" data-provider="generador-usr" finished-at="2021-10-20T11:49:54 ART" duration-ms="1" status="PASS">
          <params>
            <param index="0">
              <value>
                <![CDATA[Carlos]]>
              </value>
            </param>
          </params>
          <reporter-output>
          </reporter-output>
        </test-method> <!-- testUsr -->
        <test-method is-config="true" signature="afterMethod()[pri:0, instance:tudai.testng.test.ProgramaTest@505fc5a4]" started-at="2021-10-20T11:49:54 ART" name="afterMethod" finished-at="2021-10-20T11:49:54 ART" duration-ms="1" status="PASS">
          <reporter-output>
          </reporter-output>
        </test-method> <!-- afterMethod -->
        <test-method is-config="true" signature="beforeMethod()[pri:0, instance:tudai.testng.test.ProgramaTest@505fc5a4]" started-at="2021-10-20T11:49:54 ART" name="beforeMethod" finished-at="2021-10-20T11:49:54 ART" duration-ms="1" status="PASS">
          <reporter-output>
          </reporter-output>
        </test-method> <!-- beforeMethod -->
        <test-method signature="testUsr(tudai.testng.src.Usuario)[pri:0, instance:tudai.testng.test.ProgramaTest@505fc5a4]" started-at="2021-10-20T11:49:54 ART" name="testUsr" data-provider="generador-usr" finished-at="2021-10-20T11:49:54 ART" duration-ms="1" status="PASS">
          <params>
            <param index="0">
              <value>
                <![CDATA[Jose]]>
              </value>
            </param>
          </params>
          <reporter-output>
          </reporter-output>
        </test-method> <!-- testUsr -->
        <test-method is-config="true" signature="afterMethod()[pri:0, instance:tudai.testng.test.ProgramaTest@505fc5a4]" started-at="2021-10-20T11:49:54 ART" name="afterMethod" finished-at="2021-10-20T11:49:54 ART" duration-ms="1" status="PASS">
          <reporter-output>
          </reporter-output>
        </test-method> <!-- afterMethod -->
        <test-method is-config="true" signature="beforeMethod()[pri:0, instance:tudai.testng.test.ProgramaTest@505fc5a4]" started-at="2021-10-20T11:49:54 ART" name="beforeMethod" finished-at="2021-10-20T11:49:54 ART" duration-ms="1" status="PASS">
          <reporter-output>
          </reporter-output>
        </test-method> <!-- beforeMethod -->
        <test-method signature="testUsr(tudai.testng.src.Usuario)[pri:0, instance:tudai.testng.test.ProgramaTest@505fc5a4]" started-at="2021-10-20T11:49:54 ART" name="testUsr" data-provider="generador-usr" finished-at="2021-10-20T11:49:54 ART" duration-ms="1" status="PASS">
          <params>
            <param index="0">
              <value>
                <![CDATA[Quique]]>
              </value>
            </param>
          </params>
          <reporter-output>
          </reporter-output>
        </test-method> <!-- testUsr -->
        <test-method is-config="true" signature="afterMethod()[pri:0, instance:tudai.testng.test.ProgramaTest@505fc5a4]" started-at="2021-10-20T11:49:54 ART" name="afterMethod" finished-at="2021-10-20T11:49:54 ART" duration-ms="0" status="PASS">
          <reporter-output>
          </reporter-output>
        </test-method> <!-- afterMethod -->
        <test-method signature="testUsr(tudai.testng.src.Usuario)[pri:0, instance:tudai.testng.test.ProgramaTest@505fc5a4]" started-at="2021-10-20T11:49:54 ART" name="testUsr" data-provider="generador-usr" finished-at="2021-10-20T11:49:54 ART" duration-ms="4" status="PASS">
          <params>
            <param index="0">
              <value>
                <![CDATA[Juan]]>
              </value>
            </param>
          </params>
          <reporter-output>
          </reporter-output>
        </test-method> <!-- testUsr -->
        <test-method is-config="true" signature="beforeMethod()[pri:0, instance:tudai.testng.test.ProgramaTest@505fc5a4]" started-at="2021-10-20T11:49:54 ART" name="beforeMethod" finished-at="2021-10-20T11:49:54 ART" duration-ms="0" status="PASS">
          <reporter-output>
          </reporter-output>
        </test-method> <!-- beforeMethod -->
        <test-method is-config="true" signature="afterMethod()[pri:0, instance:tudai.testng.test.ProgramaTest@505fc5a4]" started-at="2021-10-20T11:49:54 ART" name="afterMethod" finished-at="2021-10-20T11:49:54 ART" duration-ms="1" status="PASS">
          <reporter-output>
          </reporter-output>
        </test-method> <!-- afterMethod -->
        <test-method is-config="true" signature="beforeMethod()[pri:0, instance:tudai.testng.test.ProgramaTest@505fc5a4]" started-at="2021-10-20T11:49:54 ART" name="beforeMethod" finished-at="2021-10-20T11:49:54 ART" duration-ms="1" status="PASS">
          <reporter-output>
          </reporter-output>
        </test-method> <!-- beforeMethod -->
        <test-method signature="testUsr(tudai.testng.src.Usuario)[pri:0, instance:tudai.testng.test.ProgramaTest@505fc5a4]" started-at="2021-10-20T11:49:54 ART" name="testUsr" data-provider="generador-usr" finished-at="2021-10-20T11:49:54 ART" duration-ms="0" status="PASS">
          <params>
            <param index="0">
              <value>
                <![CDATA[Pedro]]>
              </value>
            </param>
          </params>
          <reporter-output>
          </reporter-output>
        </test-method> <!-- testUsr -->
        <test-method is-config="true" signature="afterMethod()[pri:0, instance:tudai.testng.test.ProgramaTest@505fc5a4]" started-at="2021-10-20T11:49:54 ART" name="afterMethod" finished-at="2021-10-20T11:49:54 ART" duration-ms="0" status="PASS">
          <reporter-output>
          </reporter-output>
        </test-method> <!-- afterMethod -->
        <test-method is-config="true" signature="beforeMethod()[pri:0, instance:tudai.testng.test.ProgramaTest@505fc5a4]" started-at="2021-10-20T11:49:54 ART" name="beforeMethod" finished-at="2021-10-20T11:49:54 ART" duration-ms="1" status="PASS">
          <reporter-output>
          </reporter-output>
        </test-method> <!-- beforeMethod -->
        <test-method signature="testUsr(tudai.testng.src.Usuario)[pri:0, instance:tudai.testng.test.ProgramaTest@505fc5a4]" started-at="2021-10-20T11:49:54 ART" name="testUsr" data-provider="generador-usr" finished-at="2021-10-20T11:49:54 ART" duration-ms="1" status="PASS">
          <params>
            <param index="0">
              <value>
                <![CDATA[Maria]]>
              </value>
            </param>
          </params>
          <reporter-output>
          </reporter-output>
        </test-method> <!-- testUsr -->
        <test-method is-config="true" signature="afterMethod()[pri:0, instance:tudai.testng.test.ProgramaTest@505fc5a4]" started-at="2021-10-20T11:49:54 ART" name="afterMethod" finished-at="2021-10-20T11:49:54 ART" duration-ms="11" status="PASS">
          <reporter-output>
          </reporter-output>
        </test-method> <!-- afterMethod -->
        <test-method signature="testUsr(tudai.testng.src.Usuario)[pri:0, instance:tudai.testng.test.ProgramaTest@505fc5a4]" started-at="2021-10-20T11:49:54 ART" name="testUsr" data-provider="generador-usr" finished-at="2021-10-20T11:49:54 ART" duration-ms="1" status="PASS">
          <params>
            <param index="0">
              <value>
                <![CDATA[Cecilia]]>
              </value>
            </param>
          </params>
          <reporter-output>
          </reporter-output>
        </test-method> <!-- testUsr -->
        <test-method is-config="true" signature="beforeMethod()[pri:0, instance:tudai.testng.test.ProgramaTest@505fc5a4]" started-at="2021-10-20T11:49:54 ART" name="beforeMethod" finished-at="2021-10-20T11:49:54 ART" duration-ms="0" status="PASS">
          <reporter-output>
          </reporter-output>
        </test-method> <!-- beforeMethod -->
        <test-method is-config="true" signature="afterMethod()[pri:0, instance:tudai.testng.test.ProgramaTest@505fc5a4]" started-at="2021-10-20T11:49:54 ART" name="afterMethod" finished-at="2021-10-20T11:49:54 ART" duration-ms="4" status="PASS">
          <reporter-output>
          </reporter-output>
        </test-method> <!-- afterMethod -->
        <test-method signature="testUsr(tudai.testng.src.Usuario)[pri:0, instance:tudai.testng.test.ProgramaTest@505fc5a4]" started-at="2021-10-20T11:49:54 ART" name="testUsr" data-provider="generador-usr" finished-at="2021-10-20T11:49:54 ART" duration-ms="6" status="PASS">
          <params>
            <param index="0">
              <value>
                <![CDATA[Carlos]]>
              </value>
            </param>
          </params>
          <reporter-output>
          </reporter-output>
        </test-method> <!-- testUsr -->
        <test-method is-config="true" signature="beforeMethod()[pri:0, instance:tudai.testng.test.ProgramaTest@505fc5a4]" started-at="2021-10-20T11:49:54 ART" name="beforeMethod" finished-at="2021-10-20T11:49:54 ART" duration-ms="0" status="PASS">
          <reporter-output>
          </reporter-output>
        </test-method> <!-- beforeMethod -->
        <test-method is-config="true" signature="afterMethod()[pri:0, instance:tudai.testng.test.ProgramaTest@505fc5a4]" started-at="2021-10-20T11:49:54 ART" name="afterMethod" finished-at="2021-10-20T11:49:54 ART" duration-ms="0" status="PASS">
          <reporter-output>
          </reporter-output>
        </test-method> <!-- afterMethod -->
        <test-method signature="testUsr(tudai.testng.src.Usuario)[pri:0, instance:tudai.testng.test.ProgramaTest@505fc5a4]" started-at="2021-10-20T11:49:54 ART" name="testUsr" data-provider="generador-usr" finished-at="2021-10-20T11:49:54 ART" duration-ms="1" status="PASS">
          <params>
            <param index="0">
              <value>
                <![CDATA[Jose]]>
              </value>
            </param>
          </params>
          <reporter-output>
          </reporter-output>
        </test-method> <!-- testUsr -->
        <test-method is-config="true" signature="beforeMethod()[pri:0, instance:tudai.testng.test.ProgramaTest@505fc5a4]" started-at="2021-10-20T11:49:54 ART" name="beforeMethod" finished-at="2021-10-20T11:49:54 ART" duration-ms="0" status="PASS">
          <reporter-output>
          </reporter-output>
        </test-method> <!-- beforeMethod -->
        <test-method is-config="true" signature="afterMethod()[pri:0, instance:tudai.testng.test.ProgramaTest@505fc5a4]" started-at="2021-10-20T11:49:54 ART" name="afterMethod" finished-at="2021-10-20T11:49:54 ART" duration-ms="1" status="PASS">
          <reporter-output>
          </reporter-output>
        </test-method> <!-- afterMethod -->
        <test-method is-config="true" signature="beforeMethod()[pri:0, instance:tudai.testng.test.ProgramaTest@505fc5a4]" started-at="2021-10-20T11:49:54 ART" name="beforeMethod" finished-at="2021-10-20T11:49:54 ART" duration-ms="1" status="PASS">
          <reporter-output>
          </reporter-output>
        </test-method> <!-- beforeMethod -->
        <test-method signature="testUsr(tudai.testng.src.Usuario)[pri:0, instance:tudai.testng.test.ProgramaTest@505fc5a4]" started-at="2021-10-20T11:49:54 ART" name="testUsr" data-provider="generador-usr" finished-at="2021-10-20T11:49:54 ART" duration-ms="1" status="PASS">
          <params>
            <param index="0">
              <value>
                <![CDATA[Quique]]>
              </value>
            </param>
          </params>
          <reporter-output>
          </reporter-output>
        </test-method> <!-- testUsr -->
        <test-method is-config="true" signature="afterMethod()[pri:0, instance:tudai.testng.test.ProgramaTest@505fc5a4]" started-at="2021-10-20T11:49:54 ART" name="afterMethod" finished-at="2021-10-20T11:49:54 ART" duration-ms="2" status="PASS">
          <reporter-output>
          </reporter-output>
        </test-method> <!-- afterMethod -->
        <test-method is-config="true" signature="afterClass()[pri:0, instance:tudai.testng.test.ProgramaTest@505fc5a4]" started-at="2021-10-20T11:49:54 ART" name="afterClass" finished-at="2021-10-20T11:49:54 ART" duration-ms="1" status="PASS">
          <reporter-output>
          </reporter-output>
        </test-method> <!-- afterClass -->
        <test-method is-config="true" signature="afterTest()[pri:0, instance:tudai.testng.test.ProgramaTest@505fc5a4]" started-at="2021-10-20T11:49:54 ART" name="afterTest" finished-at="2021-10-20T11:49:54 ART" duration-ms="3" status="PASS">
          <reporter-output>
          </reporter-output>
        </test-method> <!-- afterTest -->
        <test-method is-config="true" signature="afterSuite()[pri:0, instance:tudai.testng.test.ProgramaTest@505fc5a4]" started-at="2021-10-20T11:49:54 ART" name="afterSuite" finished-at="2021-10-20T11:49:54 ART" duration-ms="0" status="PASS">
          <reporter-output>
          </reporter-output>
        </test-method> <!-- afterSuite -->
      </class> <!-- tudai.testng.test.ProgramaTest -->
    </test> <!-- Default test -->
  </suite> <!-- Default suite -->
</testng-results>
