<?xml version="1.0" encoding="UTF-8"?>
<!-- Generated by org.testng.reporters.JUnitXMLReporter -->
<testsuite ignored="7" hostname="DESKTOP-I5LLCKS" failures="0" tests="36" name="Probar con el mismo codigo de JUnit" time="0.398" errors="0" timestamp="2021-10-20T11:15:29 ART">
  <testcase classname="tudai.testng.test.ProgramaTest" name="getCantOcurrencias" time="0.008"/>
  <testcase classname="tudai.testng.test.ProgramaTest" name="testUsr" time="0.002"/>
  <testcase classname="tudai.testng.test.ProgramaTest" name="testUsr" time="0.002"/>
  <testcase classname="tudai.testng.test.ProgramaTest" name="testUsr" time="0.003"/>
  <testcase classname="tudai.testng.test.ProgramaTest" name="testUsr" time="0.002"/>
  <testcase classname="tudai.testng.test.ProgramaTest" name="testUsr" time="0.002"/>
  <testcase classname="tudai.testng.test.ProgramaTest" name="testUsr" time="0.003"/>
  <testcase classname="tudai.testng.test.ProgramaTest" name="testUsr" time="0.002"/>
  <testcase classname="tudai.testng.test.ProgramaTest" name="testUsr" time="0.003"/>
  <testcase classname="tudai.testng.test.ProgramaTest" name="testUsr" time="0.003"/>
  <testcase classname="tudai.testng.test.ProgramaTest" name="testUsr" time="0.008"/>
  <testcase classname="tudai.testng.test.ProgramaTest" name="testUsr" time="0.006"/>
  <testcase classname="tudai.testng.test.ProgramaTest" name="testUsr" time="0.004"/>
  <testcase classname="tudai.testng.test.ProgramaTest" name="testUsr" time="0.002"/>
  <testcase classname="tudai.testng.test.ProgramaTest" name="testUsr" time="0.002"/>
  <testcase classname="tudai.testng.test.ProgramaTest" name="testUsr" time="0.002"/>
  <testcase classname="tudai.testng.test.ProgramaTest" name="testUsr" time="0.003"/>
  <testcase classname="tudai.testng.test.ProgramaTest" name="testUsr" time="0.002"/>
  <testcase classname="tudai.testng.test.ProgramaTest" name="testUsr" time="0.002"/>
  <testcase classname="tudai.testng.test.ProgramaTest" name="testUsr" time="0.002"/>
  <testcase classname="tudai.testng.test.ProgramaTest" name="testUsr" time="0.003"/>
  <testcase classname="tudai.testng.test.ProgramaTest" name="testUsr" time="0.004"/>
  <testcase classname="tudai.testng.test.ProgramaTest" name="testUsr" time="0.002"/>
  <testcase classname="tudai.testng.test.ProgramaTest" name="testUsr" time="0.007"/>
  <testcase classname="tudai.testng.test.ProgramaTest" name="testUsr" time="0.003"/>
  <testcase classname="tudai.testng.test.ProgramaTest" name="testUsr" time="0.001"/>
  <testcase classname="tudai.testng.test.ProgramaTest" name="testUsr" time="0.003"/>
  <testcase classname="tudai.testng.test.ProgramaTest" name="testUsr" time="0.002"/>
  <testcase classname="tudai.testng.test.ProgramaTest" name="testUsr" time="0.002"/>
  <testcase classname="tudai.testng.test.ProgramaTest" name="testUsr" time="0.002"/>
  <testcase classname="tudai.testng.test.ProgramaTest" name="testUsr" time="0.002"/>
  <testcase classname="tudai.testng.test.ProgramaTest" name="testUsr" time="0.001"/>
  <testcase classname="tudai.testng.test.ProgramaTest" name="testUsr" time="0.002"/>
  <testcase classname="tudai.testng.test.ProgramaTest" name="testUsr" time="0.001"/>
  <testcase classname="tudai.testng.test.ProgramaTest" name="testUsr" time="0.006"/>
  <testcase classname="tudai.testng.test.ProgramaTest" name="testUsr" time="0.004"/>
  <testcase classname="tudai.testng.test.ProgramaTest" name="TestProvider" time="0.0">
    <ignored/>
  </testcase> <!-- TestProvider -->
  <testcase classname="tudai.testng.test.ProgramaTest" name="removeProgramacion" time="0.0">
    <ignored/>
  </testcase> <!-- removeProgramacion -->
  <testcase classname="tudai.testng.test.ProgramaTest" name="getCantTareasEntre" time="0.0">
    <ignored/>
  </testcase> <!-- getCantTareasEntre -->
  <testcase classname="tudai.testng.test.ProgramaTest" name="programaVacio" time="0.0">
    <ignored/>
  </testcase> <!-- programaVacio -->
  <testcase classname="tudai.testng.test.ProgramaTest" name="addProgramacion" time="0.0">
    <ignored/>
  </testcase> <!-- addProgramacion -->
  <testcase classname="tudai.testng.test.ProgramaTest" name="eliminarProgramaciones" time="0.0">
    <ignored/>
  </testcase> <!-- eliminarProgramaciones -->
  <testcase classname="tudai.testng.test.ProgramaTest" name="getCantProgramaciones" time="0.0">
    <ignored/>
  </testcase> <!-- getCantProgramaciones -->
</testsuite> <!-- Probar con el mismo codigo de JUnit -->
