<?xml version="1.0" encoding="UTF-8"?>
<!-- Generated by org.testng.reporters.JUnitXMLReporter -->
<testsuite ignored="0" hostname="DESKTOP-I5LLCKS" failures="0" tests="82" name="Default test" time="0.98" errors="0" timestamp="2021-10-20T11:49:54 ART">
  <testcase classname="tudai.testng.test.ProgramaTest" name="TestProvider" time="0.012"/>
  <testcase classname="tudai.testng.test.ProgramaTest" name="TestProvider" time="0.002"/>
  <testcase classname="tudai.testng.test.ProgramaTest" name="addMuchasProgramaciones" time="0.003"/>
  <testcase classname="tudai.testng.test.ProgramaTest" name="addProgramacion" time="0.005"/>
  <testcase classname="tudai.testng.test.ProgramaTest" name="eliminarProgramaciones" time="0.003"/>
  <testcase classname="tudai.testng.test.ProgramaTest" name="getCantOcurrencias" time="0.004"/>
  <testcase classname="tudai.testng.test.ProgramaTest" name="getCantProgramaciones" time="0.002"/>
  <testcase classname="tudai.testng.test.ProgramaTest" name="testTareas" time="0.007"/>
  <testcase classname="tudai.testng.test.ProgramaTest" name="testTareas" time="0.002"/>
  <testcase classname="tudai.testng.test.ProgramaTest" name="testTareas" time="0.002"/>
  <testcase classname="tudai.testng.test.ProgramaTest" name="testTareas" time="0.006"/>
  <testcase classname="tudai.testng.test.ProgramaTest" name="testTareas" time="0.002"/>
  <testcase classname="tudai.testng.test.ProgramaTest" name="testTareas" time="0.003"/>
  <testcase classname="tudai.testng.test.ProgramaTest" name="testTareas" time="0.002"/>
  <testcase classname="tudai.testng.test.ProgramaTest" name="testTareas" time="0.002"/>
  <testcase classname="tudai.testng.test.ProgramaTest" name="testTareas" time="0.001"/>
  <testcase classname="tudai.testng.test.ProgramaTest" name="testTareas" time="0.006"/>
  <testcase classname="tudai.testng.test.ProgramaTest" name="testTareas" time="0.005"/>
  <testcase classname="tudai.testng.test.ProgramaTest" name="testTareas" time="0.003"/>
  <testcase classname="tudai.testng.test.ProgramaTest" name="testTareas" time="0.002"/>
  <testcase classname="tudai.testng.test.ProgramaTest" name="testTareas" time="0.002"/>
  <testcase classname="tudai.testng.test.ProgramaTest" name="testTareas" time="0.011"/>
  <testcase classname="tudai.testng.test.ProgramaTest" name="testTareas" time="0.01"/>
  <testcase classname="tudai.testng.test.ProgramaTest" name="testTareas" time="0.008"/>
  <testcase classname="tudai.testng.test.ProgramaTest" name="testTareas" time="0.002"/>
  <testcase classname="tudai.testng.test.ProgramaTest" name="testTareas" time="0.002"/>
  <testcase classname="tudai.testng.test.ProgramaTest" name="testTareas" time="0.007"/>
  <testcase classname="tudai.testng.test.ProgramaTest" name="testTareas" time="0.001"/>
  <testcase classname="tudai.testng.test.ProgramaTest" name="testTareas" time="0.006"/>
  <testcase classname="tudai.testng.test.ProgramaTest" name="testTareas" time="0.002"/>
  <testcase classname="tudai.testng.test.ProgramaTest" name="testTareas" time="0.001"/>
  <testcase classname="tudai.testng.test.ProgramaTest" name="testTareas" time="0.032"/>
  <testcase classname="tudai.testng.test.ProgramaTest" name="testTareas" time="0.001"/>
  <testcase classname="tudai.testng.test.ProgramaTest" name="testTareas" time="0.007"/>
  <testcase classname="tudai.testng.test.ProgramaTest" name="testTareas" time="0.006"/>
  <testcase classname="tudai.testng.test.ProgramaTest" name="testTareas" time="0.005"/>
  <testcase classname="tudai.testng.test.ProgramaTest" name="testTareas" time="0.013"/>
  <testcase classname="tudai.testng.test.ProgramaTest" name="testTareas" time="0.001"/>
  <testcase classname="tudai.testng.test.ProgramaTest" name="testTareas" time="0.006"/>
  <testcase classname="tudai.testng.test.ProgramaTest" name="testTareas" time="0.002"/>
  <testcase classname="tudai.testng.test.ProgramaTest" name="testTareas" time="0.01"/>
  <testcase classname="tudai.testng.test.ProgramaTest" name="testTareas" time="0.002"/>
  <testcase classname="tudai.testng.test.ProgramaTest" name="testTareas" time="0.001"/>
  <testcase classname="tudai.testng.test.ProgramaTest" name="testTareas" time="0.002"/>
  <testcase classname="tudai.testng.test.ProgramaTest" name="testTareas" time="0.001"/>
  <testcase classname="tudai.testng.test.ProgramaTest" name="testTareas" time="0.001"/>
  <testcase classname="tudai.testng.test.ProgramaTest" name="testTareas" time="0.001"/>
  <testcase classname="tudai.testng.test.ProgramaTest" name="testUsr" time="0.001"/>
  <testcase classname="tudai.testng.test.ProgramaTest" name="testUsr" time="0.001"/>
  <testcase classname="tudai.testng.test.ProgramaTest" name="testUsr" time="0.001"/>
  <testcase classname="tudai.testng.test.ProgramaTest" name="testUsr" time="0.001"/>
  <testcase classname="tudai.testng.test.ProgramaTest" name="testUsr" time="0.002"/>
  <testcase classname="tudai.testng.test.ProgramaTest" name="testUsr" time="0.002"/>
  <testcase classname="tudai.testng.test.ProgramaTest" name="testUsr" time="0.006"/>
  <testcase classname="tudai.testng.test.ProgramaTest" name="testUsr" time="0.001"/>
  <testcase classname="tudai.testng.test.ProgramaTest" name="testUsr" time="0.008"/>
  <testcase classname="tudai.testng.test.ProgramaTest" name="testUsr" time="0.001"/>
  <testcase classname="tudai.testng.test.ProgramaTest" name="testUsr" time="0.01"/>
  <testcase classname="tudai.testng.test.ProgramaTest" name="testUsr" time="0.001"/>
  <testcase classname="tudai.testng.test.ProgramaTest" name="testUsr" time="0.001"/>
  <testcase classname="tudai.testng.test.ProgramaTest" name="testUsr" time="0.002"/>
  <testcase classname="tudai.testng.test.ProgramaTest" name="testUsr" time="0.001"/>
  <testcase classname="tudai.testng.test.ProgramaTest" name="testUsr" time="0.009"/>
  <testcase classname="tudai.testng.test.ProgramaTest" name="testUsr" time="0.004"/>
  <testcase classname="tudai.testng.test.ProgramaTest" name="testUsr" time="0.001"/>
  <testcase classname="tudai.testng.test.ProgramaTest" name="testUsr" time="0.001"/>
  <testcase classname="tudai.testng.test.ProgramaTest" name="testUsr" time="0.001"/>
  <testcase classname="tudai.testng.test.ProgramaTest" name="testUsr" time="0.001"/>
  <testcase classname="tudai.testng.test.ProgramaTest" name="testUsr" time="0.001"/>
  <testcase classname="tudai.testng.test.ProgramaTest" name="testUsr" time="0.001"/>
  <testcase classname="tudai.testng.test.ProgramaTest" name="testUsr" time="0.0"/>
  <testcase classname="tudai.testng.test.ProgramaTest" name="testUsr" time="0.002"/>
  <testcase classname="tudai.testng.test.ProgramaTest" name="testUsr" time="0.001"/>
  <testcase classname="tudai.testng.test.ProgramaTest" name="testUsr" time="0.001"/>
  <testcase classname="tudai.testng.test.ProgramaTest" name="testUsr" time="0.001"/>
  <testcase classname="tudai.testng.test.ProgramaTest" name="testUsr" time="0.004"/>
  <testcase classname="tudai.testng.test.ProgramaTest" name="testUsr" time="0.0"/>
  <testcase classname="tudai.testng.test.ProgramaTest" name="testUsr" time="0.001"/>
  <testcase classname="tudai.testng.test.ProgramaTest" name="testUsr" time="0.001"/>
  <testcase classname="tudai.testng.test.ProgramaTest" name="testUsr" time="0.006"/>
  <testcase classname="tudai.testng.test.ProgramaTest" name="testUsr" time="0.001"/>
  <testcase classname="tudai.testng.test.ProgramaTest" name="testUsr" time="0.001"/>
</testsuite> <!-- Default test -->
